<?xml version="1.0" encoding="UTF-8"?>
  <testsuites tests="59" disabled="0" errors="0" failures="0" time="0.034074">
      <testsuite name="Handler Suite" package="/Users/kover/Developer/Individual/my-auth-service/internal/handler" tests="31" disabled="0" skipped="0" errors="0" failures="0" time="0.026642" timestamp="2023-09-08T18:42:15">
          <properties>
              <property name="SuiteSucceeded" value="true"></property>
              <property name="SuiteHasProgrammaticFocus" value="false"></property>
              <property name="SpecialSuiteFailureReason" value=""></property>
              <property name="SuiteLabels" value="[]"></property>
              <property name="RandomSeed" value="1694169733"></property>
              <property name="RandomizeAllSpecs" value="false"></property>
              <property name="LabelFilter" value=""></property>
              <property name="FocusStrings" value=""></property>
              <property name="SkipStrings" value=""></property>
              <property name="FocusFiles" value=""></property>
              <property name="SkipFiles" value=""></property>
              <property name="FailOnPending" value="false"></property>
              <property name="FailFast" value="false"></property>
              <property name="FlakeAttempts" value="0"></property>
              <property name="DryRun" value="false"></property>
              <property name="ParallelTotal" value="7"></property>
              <property name="OutputInterceptorMode" value=""></property>
          </properties>
          <testcase name="[BeforeSuite]" classname="Handler Suite" status="passed" time="0.001743375">
              <system-out>[Fx] PROVIDE&#x9;fx.Lifecycle &lt;= go.uber.org/fx.New.func1()&#xA;[Fx] PROVIDE&#x9;fx.Shutdowner &lt;= go.uber.org/fx.(*App).shutdowner-fm()&#xA;[Fx] PROVIDE&#x9;fx.DotGraph &lt;= go.uber.org/fx.(*App).dotGraph-fm()&#xA;09-08T18:42:15.418&#x9;�[34mINFO�[0m&#x9;provided&#x9;{&#34;constructor&#34;: &#34;my-auth-service/internal/server.NewLogger()&#34;, &#34;module&#34;: &#34;handler suite test&#34;, &#34;type&#34;: &#34;logger.Logger&#34;}&#xA;09-08T18:42:15.418&#x9;�[34mINFO�[0m&#x9;provided&#x9;{&#34;constructor&#34;: &#34;my-auth-service/internal/repository.New()&#34;, &#34;module&#34;: &#34;handler suite test&#34;, &#34;type&#34;: &#34;dependency.Repository&#34;}&#xA;09-08T18:42:15.418&#x9;�[34mINFO�[0m&#x9;provided&#x9;{&#34;constructor&#34;: &#34;my-auth-service/internal/handler.New()&#34;, &#34;module&#34;: &#34;handler suite test&#34;, &#34;type&#34;: &#34;*handler.Handler&#34;}&#xA;09-08T18:42:15.418&#x9;�[34mINFO�[0m&#x9;provided&#x9;{&#34;constructor&#34;: &#34;my-auth-service/internal/server.New()&#34;, &#34;module&#34;: &#34;handler suite test&#34;, &#34;type&#34;: &#34;*server.Server&#34;}&#xA;09-08T18:42:15.418&#x9;�[34mINFO�[0m&#x9;initialized custom fxevent.Logger&#x9;{&#34;function&#34;: &#34;github.com/kovercjm/tool-go/dependency_injection/fx.FxLogger()&#34;}&#xA;09-08T18:42:15.418&#x9;�[34mINFO�[0m&#x9;invoking&#x9;{&#34;function&#34;: &#34;my-auth-service/internal/handler_test.glob..func2.1()&#34;, &#34;module&#34;: &#34;handler suite test&#34;}&#xA;[GIN-debug] [WARNING] Running in &#34;debug&#34; mode. Switch to &#34;release&#34; mode in production.&#xA; - using env:&#x9;export GIN_MODE=release&#xA; - using code:&#x9;gin.SetMode(gin.ReleaseMode)&#xA;&#xA;[GIN-debug] DELETE /users/:id                --&gt; my-auth-service/internal/handler/gen.UserAPI.UsersIdDelete-fm (5 handlers)&#xA;[GIN-debug] POST   /users/                   --&gt; my-auth-service/internal/handler/gen.UserAPI.UsersPost-fm (5 handlers)&#xA;[GIN-debug] DELETE /roles/:id                --&gt; my-auth-service/internal/handler/gen.RoleAPI.RolesIdDelete-fm (5 handlers)&#xA;[GIN-debug] POST   /roles/                   --&gt; my-auth-service/internal/handler/gen.RoleAPI.RolesPost-fm (5 handlers)&#xA;[GIN-debug] POST   /auth/login               --&gt; my-auth-service/internal/handler/gen.AuthAPI.AuthLoginPost-fm (5 handlers)&#xA;[GIN-debug] POST   /auth/logout              --&gt; my-auth-service/internal/handler/gen.AuthAPI.AuthLogoutPost-fm (5 handlers)&#xA;[GIN-debug] GET    /users/me/roles           --&gt; my-auth-service/internal/handler/gen.AuthAPI.UsersMeRolesGet-fm (5 handlers)&#xA;[GIN-debug] GET    /users/me/roles/:id       --&gt; my-auth-service/internal/handler/gen.AuthAPI.UsersMeRolesIdGet-fm (5 handlers)&#xA;[GIN-debug] POST   /users/:userID/roles/:roleID --&gt; my-auth-service/internal/handler/gen.AuthAPI.UsersUserIDRolesRoleIDPost-fm (5 handlers)&#xA;[Fx] RUNNING&#xA;</system-out>
              <system-err>&gt; Enter [BeforeSuite] TOP-LEVEL - /Users/kover/Developer/Individual/my-auth-service/internal/handler/handler_suite_test.go:29 @ 09/08/23 18:42:15.417&#xA;&lt; Exit [BeforeSuite] TOP-LEVEL - /Users/kover/Developer/Individual/my-auth-service/internal/handler/handler_suite_test.go:29 @ 09/08/23 18:42:15.418 (1ms)&#xA;</system-err>
          </testcase>
          <testcase name="[It] Test handler [User] When create user success should response with id in body" classname="Handler Suite" status="passed" time="0.003746542">
              <system-out>09-08T18:42:15.421&#x9;�[35mDEBUG�[0m&#x9;gin api call incoming&#x9;{&#34;timestamp&#34;: &#34;09-08T18:42:15.421&#34;, &#34;method&#34;: &#34;POST&#34;, &#34;path&#34;: &#34;/users/&#34;, &#34;query&#34;: &#34;&#34;, &#34;ip&#34;: &#34;&#34;, &#34;user-agent&#34;: &#34;&#34;}&#xA;09-08T18:42:15.421&#x9;�[35mDEBUG�[0m&#x9;gin api call finished&#x9;{&#34;timestamp&#34;: &#34;09-08T18:42:15.421&#34;, &#34;method&#34;: &#34;POST&#34;, &#34;path&#34;: &#34;/users/&#34;, &#34;query&#34;: &#34;&#34;, &#34;latency&#34;: &#34;819.75µs&#34;, &#34;function&#34;: &#34;UsersPost-fm&#34;, &#34;status-code&#34;: 200, &#34;body&#34;: &#34;&#34;, &#34;bodySize&#34;: 12}&#xA;09-08T18:42:15.422&#x9;�[35mDEBUG�[0m&#x9;gin api call incoming&#x9;{&#34;timestamp&#34;: &#34;09-08T18:42:15.422&#34;, &#34;method&#34;: &#34;POST&#34;, &#34;path&#34;: &#34;/users/&#34;, &#34;query&#34;: &#34;&#34;, &#34;ip&#34;: &#34;&#34;, &#34;user-agent&#34;: &#34;&#34;}&#xA;09-08T18:42:15.423&#x9;�[35mDEBUG�[0m&#x9;gin api call finished&#x9;{&#34;timestamp&#34;: &#34;09-08T18:42:15.422&#34;, &#34;method&#34;: &#34;POST&#34;, &#34;path&#34;: &#34;/users/&#34;, &#34;query&#34;: &#34;&#34;, &#34;latency&#34;: &#34;332.834µs&#34;, &#34;function&#34;: &#34;UsersPost-fm&#34;, &#34;status-code&#34;: 200, &#34;body&#34;: &#34;&#34;, &#34;bodySize&#34;: 13}&#xA;</system-out>
              <system-err>&gt; Enter [BeforeEach] Test handler [User] - /Users/kover/Developer/Individual/my-auth-service/internal/handler/user_test.go:12 @ 09/08/23 18:42:15.421&#xA;&lt; Exit [BeforeEach] Test handler [User] - /Users/kover/Developer/Individual/my-auth-service/internal/handler/user_test.go:12 @ 09/08/23 18:42:15.422 (1ms)&#xA;&gt; Enter [BeforeEach] When create user success - /Users/kover/Developer/Individual/my-auth-service/internal/handler/user_test.go:18 @ 09/08/23 18:42:15.422&#xA;&lt; Exit [BeforeEach] When create user success - /Users/kover/Developer/Individual/my-auth-service/internal/handler/user_test.go:18 @ 09/08/23 18:42:15.423 (1ms)&#xA;&gt; Enter [It] should response with id in body - /Users/kover/Developer/Individual/my-auth-service/internal/handler/user_test.go:26 @ 09/08/23 18:42:15.424&#xA;&lt; Exit [It] should response with id in body - /Users/kover/Developer/Individual/my-auth-service/internal/handler/user_test.go:26 @ 09/08/23 18:42:15.424 (0s)&#xA;</system-err>
          </testcase>
          <testcase name="[It] Test handler [Role] When delete role success should response with status code 204" classname="Handler Suite" status="passed" time="0.002151042">
              <system-out>09-08T18:42:15.426&#x9;�[35mDEBUG�[0m&#x9;gin api call incoming&#x9;{&#34;timestamp&#34;: &#34;09-08T18:42:15.426&#34;, &#34;method&#34;: &#34;POST&#34;, &#34;path&#34;: &#34;/roles/&#34;, &#34;query&#34;: &#34;&#34;, &#34;ip&#34;: &#34;&#34;, &#34;user-agent&#34;: &#34;&#34;}&#xA;09-08T18:42:15.426&#x9;�[35mDEBUG�[0m&#x9;gin api call finished&#x9;{&#34;timestamp&#34;: &#34;09-08T18:42:15.426&#34;, &#34;method&#34;: &#34;POST&#34;, &#34;path&#34;: &#34;/roles/&#34;, &#34;query&#34;: &#34;&#34;, &#34;latency&#34;: &#34;64.708µs&#34;, &#34;function&#34;: &#34;RolesPost-fm&#34;, &#34;status-code&#34;: 200, &#34;body&#34;: &#34;&#34;, &#34;bodySize&#34;: 23}&#xA;09-08T18:42:15.426&#x9;�[35mDEBUG�[0m&#x9;gin api call incoming&#x9;{&#34;timestamp&#34;: &#34;09-08T18:42:15.426&#34;, &#34;method&#34;: &#34;DELETE&#34;, &#34;path&#34;: &#34;/roles/platform-admin&#34;, &#34;query&#34;: &#34;&#34;, &#34;ip&#34;: &#34;&#34;, &#34;user-agent&#34;: &#34;&#34;}&#xA;09-08T18:42:15.426&#x9;�[35mDEBUG�[0m&#x9;gin api call finished&#x9;{&#34;timestamp&#34;: &#34;09-08T18:42:15.426&#34;, &#34;method&#34;: &#34;DELETE&#34;, &#34;path&#34;: &#34;/roles/platform-admin&#34;, &#34;query&#34;: &#34;&#34;, &#34;latency&#34;: &#34;17.167µs&#34;, &#34;function&#34;: &#34;RolesIdDelete-fm&#34;, &#34;status-code&#34;: 204, &#34;body&#34;: &#34;&#34;, &#34;bodySize&#34;: 0}&#xA;09-08T18:42:15.427&#x9;�[35mDEBUG�[0m&#x9;gin api call incoming&#x9;{&#34;timestamp&#34;: &#34;09-08T18:42:15.427&#34;, &#34;method&#34;: &#34;POST&#34;, &#34;path&#34;: &#34;/roles/platform-admin&#34;, &#34;query&#34;: &#34;&#34;, &#34;ip&#34;: &#34;&#34;, &#34;user-agent&#34;: &#34;&#34;}&#xA;09-08T18:42:15.427&#x9;�[35mDEBUG�[0m&#x9;gin api call finished&#x9;{&#34;timestamp&#34;: &#34;09-08T18:42:15.427&#34;, &#34;method&#34;: &#34;POST&#34;, &#34;path&#34;: &#34;/roles/platform-admin&#34;, &#34;query&#34;: &#34;&#34;, &#34;latency&#34;: &#34;25.292µs&#34;, &#34;function&#34;: &#34;func1&#34;, &#34;status-code&#34;: 404, &#34;body&#34;: &#34;&#34;, &#34;bodySize&#34;: 0}&#xA;</system-out>
              <system-err>&gt; Enter [BeforeEach] Test handler [Role] - /Users/kover/Developer/Individual/my-auth-service/internal/handler/role_test.go:12 @ 09/08/23 18:42:15.426&#xA;&lt; Exit [BeforeEach] Test handler [Role] - /Users/kover/Developer/Individual/my-auth-service/internal/handler/role_test.go:12 @ 09/08/23 18:42:15.426 (0s)&#xA;&gt; Enter [BeforeEach] When delete role success - /Users/kover/Developer/Individual/my-auth-service/internal/handler/role_test.go:56 @ 09/08/23 18:42:15.426&#xA;&lt; Exit [BeforeEach] When delete role success - /Users/kover/Developer/Individual/my-auth-service/internal/handler/role_test.go:56 @ 09/08/23 18:42:15.426 (0s)&#xA;&gt; Enter [It] should response with status code 204 - /Users/kover/Developer/Individual/my-auth-service/internal/handler/role_test.go:60 @ 09/08/23 18:42:15.427&#xA;&lt; Exit [It] should response with status code 204 - /Users/kover/Developer/Individual/my-auth-service/internal/handler/role_test.go:60 @ 09/08/23 18:42:15.427 (0s)&#xA;&gt; Enter [AfterEach] When delete role success - /Users/kover/Developer/Individual/my-auth-service/internal/handler/role_test.go:68 @ 09/08/23 18:42:15.427&#xA;&lt; Exit [AfterEach] When delete role success - /Users/kover/Developer/Individual/my-auth-service/internal/handler/role_test.go:68 @ 09/08/23 18:42:15.427 (0s)&#xA;</system-err>
          </testcase>
          <testcase name="[It] Test handler [Auth] When repeatedly grant user role success should have no response body" classname="Handler Suite" status="passed" time="0.001217208">
              <system-out>09-08T18:42:15.429&#x9;�[35mDEBUG�[0m&#x9;gin api call incoming&#x9;{&#34;timestamp&#34;: &#34;09-08T18:42:15.429&#34;, &#34;method&#34;: &#34;POST&#34;, &#34;path&#34;: &#34;/users/&#34;, &#34;query&#34;: &#34;&#34;, &#34;ip&#34;: &#34;&#34;, &#34;user-agent&#34;: &#34;&#34;}&#xA;09-08T18:42:15.429&#x9;�[35mDEBUG�[0m&#x9;gin api call finished&#x9;{&#34;timestamp&#34;: &#34;09-08T18:42:15.429&#34;, &#34;method&#34;: &#34;POST&#34;, &#34;path&#34;: &#34;/users/&#34;, &#34;query&#34;: &#34;&#34;, &#34;latency&#34;: &#34;50µs&#34;, &#34;function&#34;: &#34;UsersPost-fm&#34;, &#34;status-code&#34;: 409, &#34;body&#34;: &#34;&#34;, &#34;bodySize&#34;: 51}&#xA;09-08T18:42:15.429&#x9;�[35mDEBUG�[0m&#x9;gin api call incoming&#x9;{&#34;timestamp&#34;: &#34;09-08T18:42:15.429&#34;, &#34;method&#34;: &#34;POST&#34;, &#34;path&#34;: &#34;/roles/&#34;, &#34;query&#34;: &#34;&#34;, &#34;ip&#34;: &#34;&#34;, &#34;user-agent&#34;: &#34;&#34;}&#xA;09-08T18:42:15.429&#x9;�[35mDEBUG�[0m&#x9;gin api call finished&#x9;{&#34;timestamp&#34;: &#34;09-08T18:42:15.429&#34;, &#34;method&#34;: &#34;POST&#34;, &#34;path&#34;: &#34;/roles/&#34;, &#34;query&#34;: &#34;&#34;, &#34;latency&#34;: &#34;10µs&#34;, &#34;function&#34;: &#34;RolesPost-fm&#34;, &#34;status-code&#34;: 200, &#34;body&#34;: &#34;&#34;, &#34;bodySize&#34;: 22}&#xA;09-08T18:42:15.429&#x9;�[35mDEBUG�[0m&#x9;gin api call incoming&#x9;{&#34;timestamp&#34;: &#34;09-08T18:42:15.429&#34;, &#34;method&#34;: &#34;POST&#34;, &#34;path&#34;: &#34;/users/John/roles/platform-user&#34;, &#34;query&#34;: &#34;&#34;, &#34;ip&#34;: &#34;&#34;, &#34;user-agent&#34;: &#34;&#34;}&#xA;09-08T18:42:15.429&#x9;�[35mDEBUG�[0m&#x9;gin api call finished&#x9;{&#34;timestamp&#34;: &#34;09-08T18:42:15.429&#34;, &#34;method&#34;: &#34;POST&#34;, &#34;path&#34;: &#34;/users/John/roles/platform-user&#34;, &#34;query&#34;: &#34;&#34;, &#34;latency&#34;: &#34;16µs&#34;, &#34;function&#34;: &#34;UsersUserIDRolesRoleIDPost-fm&#34;, &#34;status-code&#34;: 204, &#34;body&#34;: &#34;&#34;, &#34;bodySize&#34;: 0}&#xA;09-08T18:42:15.429&#x9;�[35mDEBUG�[0m&#x9;gin api call incoming&#x9;{&#34;timestamp&#34;: &#34;09-08T18:42:15.429&#34;, &#34;method&#34;: &#34;POST&#34;, &#34;path&#34;: &#34;/users/John/roles/platform-user&#34;, &#34;query&#34;: &#34;&#34;, &#34;ip&#34;: &#34;&#34;, &#34;user-agent&#34;: &#34;&#34;}&#xA;09-08T18:42:15.429&#x9;�[35mDEBUG�[0m&#x9;gin api call finished&#x9;{&#34;timestamp&#34;: &#34;09-08T18:42:15.429&#34;, &#34;method&#34;: &#34;POST&#34;, &#34;path&#34;: &#34;/users/John/roles/platform-user&#34;, &#34;query&#34;: &#34;&#34;, &#34;latency&#34;: &#34;4.791µs&#34;, &#34;function&#34;: &#34;UsersUserIDRolesRoleIDPost-fm&#34;, &#34;status-code&#34;: 204, &#34;body&#34;: &#34;&#34;, &#34;bodySize&#34;: 0}&#xA;</system-out>
              <system-err>&gt; Enter [BeforeEach] Test handler [Auth] - /Users/kover/Developer/Individual/my-auth-service/internal/handler/auth_test.go:14 @ 09/08/23 18:42:15.429&#xA;&lt; Exit [BeforeEach] Test handler [Auth] - /Users/kover/Developer/Individual/my-auth-service/internal/handler/auth_test.go:14 @ 09/08/23 18:42:15.429 (0s)&#xA;&gt; Enter [BeforeEach] When repeatedly grant user role success - /Users/kover/Developer/Individual/my-auth-service/internal/handler/auth_test.go:37 @ 09/08/23 18:42:15.429&#xA;&lt; Exit [BeforeEach] When repeatedly grant user role success - /Users/kover/Developer/Individual/my-auth-service/internal/handler/auth_test.go:37 @ 09/08/23 18:42:15.429 (0s)&#xA;&gt; Enter [It] should have no response body - /Users/kover/Developer/Individual/my-auth-service/internal/handler/auth_test.go:46 @ 09/08/23 18:42:15.43&#xA;&lt; Exit [It] should have no response body - /Users/kover/Developer/Individual/my-auth-service/internal/handler/auth_test.go:46 @ 09/08/23 18:42:15.43 (0s)&#xA;</system-err>
          </testcase>
          <testcase name="[BeforeSuite]" classname="Handler Suite" status="passed" time="0.001359375">
              <system-out>[Fx] PROVIDE&#x9;fx.Lifecycle &lt;= go.uber.org/fx.New.func1()&#xA;[Fx] PROVIDE&#x9;fx.Shutdowner &lt;= go.uber.org/fx.(*App).shutdowner-fm()&#xA;[Fx] PROVIDE&#x9;fx.DotGraph &lt;= go.uber.org/fx.(*App).dotGraph-fm()&#xA;09-08T18:42:15.417&#x9;�[34mINFO�[0m&#x9;provided&#x9;{&#34;constructor&#34;: &#34;my-auth-service/internal/server.NewLogger()&#34;, &#34;module&#34;: &#34;handler suite test&#34;, &#34;type&#34;: &#34;logger.Logger&#34;}&#xA;09-08T18:42:15.417&#x9;�[34mINFO�[0m&#x9;provided&#x9;{&#34;constructor&#34;: &#34;my-auth-service/internal/repository.New()&#34;, &#34;module&#34;: &#34;handler suite test&#34;, &#34;type&#34;: &#34;dependency.Repository&#34;}&#xA;09-08T18:42:15.417&#x9;�[34mINFO�[0m&#x9;provided&#x9;{&#34;constructor&#34;: &#34;my-auth-service/internal/handler.New()&#34;, &#34;module&#34;: &#34;handler suite test&#34;, &#34;type&#34;: &#34;*handler.Handler&#34;}&#xA;09-08T18:42:15.417&#x9;�[34mINFO�[0m&#x9;provided&#x9;{&#34;constructor&#34;: &#34;my-auth-service/internal/server.New()&#34;, &#34;module&#34;: &#34;handler suite test&#34;, &#34;type&#34;: &#34;*server.Server&#34;}&#xA;09-08T18:42:15.417&#x9;�[34mINFO�[0m&#x9;initialized custom fxevent.Logger&#x9;{&#34;function&#34;: &#34;github.com/kovercjm/tool-go/dependency_injection/fx.FxLogger()&#34;}&#xA;09-08T18:42:15.417&#x9;�[34mINFO�[0m&#x9;invoking&#x9;{&#34;function&#34;: &#34;my-auth-service/internal/handler_test.glob..func2.1()&#34;, &#34;module&#34;: &#34;handler suite test&#34;}&#xA;[GIN-debug] [WARNING] Running in &#34;debug&#34; mode. Switch to &#34;release&#34; mode in production.&#xA; - using env:&#x9;export GIN_MODE=release&#xA; - using code:&#x9;gin.SetMode(gin.ReleaseMode)&#xA;&#xA;[GIN-debug] DELETE /users/:id                --&gt; my-auth-service/internal/handler/gen.UserAPI.UsersIdDelete-fm (5 handlers)&#xA;[GIN-debug] POST   /users/                   --&gt; my-auth-service/internal/handler/gen.UserAPI.UsersPost-fm (5 handlers)&#xA;[GIN-debug] DELETE /roles/:id                --&gt; my-auth-service/internal/handler/gen.RoleAPI.RolesIdDelete-fm (5 handlers)&#xA;[GIN-debug] POST   /roles/                   --&gt; my-auth-service/internal/handler/gen.RoleAPI.RolesPost-fm (5 handlers)&#xA;[GIN-debug] POST   /auth/login               --&gt; my-auth-service/internal/handler/gen.AuthAPI.AuthLoginPost-fm (5 handlers)&#xA;[GIN-debug] POST   /auth/logout              --&gt; my-auth-service/internal/handler/gen.AuthAPI.AuthLogoutPost-fm (5 handlers)&#xA;[GIN-debug] GET    /users/me/roles           --&gt; my-auth-service/internal/handler/gen.AuthAPI.UsersMeRolesGet-fm (5 handlers)&#xA;[GIN-debug] GET    /users/me/roles/:id       --&gt; my-auth-service/internal/handler/gen.AuthAPI.UsersMeRolesIdGet-fm (5 handlers)&#xA;[GIN-debug] POST   /users/:userID/roles/:roleID --&gt; my-auth-service/internal/handler/gen.AuthAPI.UsersUserIDRolesRoleIDPost-fm (5 handlers)&#xA;[Fx] RUNNING&#xA;</system-out>
              <system-err>&gt; Enter [BeforeSuite] TOP-LEVEL - /Users/kover/Developer/Individual/my-auth-service/internal/handler/handler_suite_test.go:29 @ 09/08/23 18:42:15.416&#xA;&lt; Exit [BeforeSuite] TOP-LEVEL - /Users/kover/Developer/Individual/my-auth-service/internal/handler/handler_suite_test.go:29 @ 09/08/23 18:42:15.418 (1ms)&#xA;</system-err>
          </testcase>
          <testcase name="[It] Test handler [User] When repeatedly create user, the second call should fail should response with message in body" classname="Handler Suite" status="passed" time="0.00153275">
              <system-out>09-08T18:42:15.42&#x9;�[35mDEBUG�[0m&#x9;gin api call incoming&#x9;{&#34;timestamp&#34;: &#34;09-08T18:42:15.42&#34;, &#34;method&#34;: &#34;POST&#34;, &#34;path&#34;: &#34;/users/&#34;, &#34;query&#34;: &#34;&#34;, &#34;ip&#34;: &#34;&#34;, &#34;user-agent&#34;: &#34;&#34;}&#xA;09-08T18:42:15.421&#x9;�[35mDEBUG�[0m&#x9;gin api call finished&#x9;{&#34;timestamp&#34;: &#34;09-08T18:42:15.42&#34;, &#34;method&#34;: &#34;POST&#34;, &#34;path&#34;: &#34;/users/&#34;, &#34;query&#34;: &#34;&#34;, &#34;latency&#34;: &#34;123.625µs&#34;, &#34;function&#34;: &#34;UsersPost-fm&#34;, &#34;status-code&#34;: 200, &#34;body&#34;: &#34;&#34;, &#34;bodySize&#34;: 12}&#xA;09-08T18:42:15.421&#x9;�[35mDEBUG�[0m&#x9;gin api call incoming&#x9;{&#34;timestamp&#34;: &#34;09-08T18:42:15.421&#34;, &#34;method&#34;: &#34;POST&#34;, &#34;path&#34;: &#34;/users/&#34;, &#34;query&#34;: &#34;&#34;, &#34;ip&#34;: &#34;&#34;, &#34;user-agent&#34;: &#34;&#34;}&#xA;09-08T18:42:15.421&#x9;�[35mDEBUG�[0m&#x9;gin api call finished&#x9;{&#34;timestamp&#34;: &#34;09-08T18:42:15.421&#34;, &#34;method&#34;: &#34;POST&#34;, &#34;path&#34;: &#34;/users/&#34;, &#34;query&#34;: &#34;&#34;, &#34;latency&#34;: &#34;179.167µs&#34;, &#34;function&#34;: &#34;UsersPost-fm&#34;, &#34;status-code&#34;: 409, &#34;body&#34;: &#34;&#34;, &#34;bodySize&#34;: 51}&#xA;</system-out>
              <system-err>&gt; Enter [BeforeEach] Test handler [User] - /Users/kover/Developer/Individual/my-auth-service/internal/handler/user_test.go:12 @ 09/08/23 18:42:15.42&#xA;&lt; Exit [BeforeEach] Test handler [User] - /Users/kover/Developer/Individual/my-auth-service/internal/handler/user_test.go:12 @ 09/08/23 18:42:15.421 (0s)&#xA;&gt; Enter [BeforeEach] When repeatedly create user, the second call should fail - /Users/kover/Developer/Individual/my-auth-service/internal/handler/user_test.go:33 @ 09/08/23 18:42:15.421&#xA;&lt; Exit [BeforeEach] When repeatedly create user, the second call should fail - /Users/kover/Developer/Individual/my-auth-service/internal/handler/user_test.go:33 @ 09/08/23 18:42:15.421 (0s)&#xA;&gt; Enter [It] should response with message in body - /Users/kover/Developer/Individual/my-auth-service/internal/handler/user_test.go:41 @ 09/08/23 18:42:15.422&#xA;&lt; Exit [It] should response with message in body - /Users/kover/Developer/Individual/my-auth-service/internal/handler/user_test.go:41 @ 09/08/23 18:42:15.422 (0s)&#xA;</system-err>
          </testcase>
          <testcase name="[It] Test handler [Role] When create role success should response with id in body" classname="Handler Suite" status="passed" time="0.001001958">
              <system-out>09-08T18:42:15.424&#x9;�[35mDEBUG�[0m&#x9;gin api call incoming&#x9;{&#34;timestamp&#34;: &#34;09-08T18:42:15.424&#34;, &#34;method&#34;: &#34;POST&#34;, &#34;path&#34;: &#34;/roles/&#34;, &#34;query&#34;: &#34;&#34;, &#34;ip&#34;: &#34;&#34;, &#34;user-agent&#34;: &#34;&#34;}&#xA;09-08T18:42:15.424&#x9;�[35mDEBUG�[0m&#x9;gin api call finished&#x9;{&#34;timestamp&#34;: &#34;09-08T18:42:15.424&#34;, &#34;method&#34;: &#34;POST&#34;, &#34;path&#34;: &#34;/roles/&#34;, &#34;query&#34;: &#34;&#34;, &#34;latency&#34;: &#34;49.042µs&#34;, &#34;function&#34;: &#34;RolesPost-fm&#34;, &#34;status-code&#34;: 200, &#34;body&#34;: &#34;&#34;, &#34;bodySize&#34;: 23}&#xA;09-08T18:42:15.424&#x9;�[35mDEBUG�[0m&#x9;gin api call incoming&#x9;{&#34;timestamp&#34;: &#34;09-08T18:42:15.424&#34;, &#34;method&#34;: &#34;POST&#34;, &#34;path&#34;: &#34;/roles/&#34;, &#34;query&#34;: &#34;&#34;, &#34;ip&#34;: &#34;&#34;, &#34;user-agent&#34;: &#34;&#34;}&#xA;09-08T18:42:15.424&#x9;�[35mDEBUG�[0m&#x9;gin api call finished&#x9;{&#34;timestamp&#34;: &#34;09-08T18:42:15.424&#34;, &#34;method&#34;: &#34;POST&#34;, &#34;path&#34;: &#34;/roles/&#34;, &#34;query&#34;: &#34;&#34;, &#34;latency&#34;: &#34;24µs&#34;, &#34;function&#34;: &#34;RolesPost-fm&#34;, &#34;status-code&#34;: 200, &#34;body&#34;: &#34;&#34;, &#34;bodySize&#34;: 22}&#xA;09-08T18:42:15.425&#x9;�[35mDEBUG�[0m&#x9;gin api call incoming&#x9;{&#34;timestamp&#34;: &#34;09-08T18:42:15.425&#34;, &#34;method&#34;: &#34;DELETE&#34;, &#34;path&#34;: &#34;/roles/platform-user&#34;, &#34;query&#34;: &#34;&#34;, &#34;ip&#34;: &#34;&#34;, &#34;user-agent&#34;: &#34;&#34;}&#xA;09-08T18:42:15.425&#x9;�[35mDEBUG�[0m&#x9;gin api call finished&#x9;{&#34;timestamp&#34;: &#34;09-08T18:42:15.425&#34;, &#34;method&#34;: &#34;DELETE&#34;, &#34;path&#34;: &#34;/roles/platform-user&#34;, &#34;query&#34;: &#34;&#34;, &#34;latency&#34;: &#34;17.125µs&#34;, &#34;function&#34;: &#34;RolesIdDelete-fm&#34;, &#34;status-code&#34;: 204, &#34;body&#34;: &#34;&#34;, &#34;bodySize&#34;: 0}&#xA;</system-out>
              <system-err>&gt; Enter [BeforeEach] Test handler [Role] - /Users/kover/Developer/Individual/my-auth-service/internal/handler/role_test.go:12 @ 09/08/23 18:42:15.424&#xA;&lt; Exit [BeforeEach] Test handler [Role] - /Users/kover/Developer/Individual/my-auth-service/internal/handler/role_test.go:12 @ 09/08/23 18:42:15.424 (0s)&#xA;&gt; Enter [BeforeEach] When create role success - /Users/kover/Developer/Individual/my-auth-service/internal/handler/role_test.go:18 @ 09/08/23 18:42:15.424&#xA;&lt; Exit [BeforeEach] When create role success - /Users/kover/Developer/Individual/my-auth-service/internal/handler/role_test.go:18 @ 09/08/23 18:42:15.424 (0s)&#xA;&gt; Enter [It] should response with id in body - /Users/kover/Developer/Individual/my-auth-service/internal/handler/role_test.go:26 @ 09/08/23 18:42:15.425&#xA;&lt; Exit [It] should response with id in body - /Users/kover/Developer/Individual/my-auth-service/internal/handler/role_test.go:26 @ 09/08/23 18:42:15.425 (0s)&#xA;&gt; Enter [AfterEach] When create role success - /Users/kover/Developer/Individual/my-auth-service/internal/handler/role_test.go:30 @ 09/08/23 18:42:15.425&#xA;&lt; Exit [AfterEach] When create role success - /Users/kover/Developer/Individual/my-auth-service/internal/handler/role_test.go:30 @ 09/08/23 18:42:15.425 (0s)&#xA;</system-err>
          </testcase>
          <testcase name="[It] Test handler [Role] When repeatedly delete role, the second call should fail should response with message in body" classname="Handler Suite" status="passed" time="0.002048083">
              <system-out>09-08T18:42:15.427&#x9;�[35mDEBUG�[0m&#x9;gin api call incoming&#x9;{&#34;timestamp&#34;: &#34;09-08T18:42:15.427&#34;, &#34;method&#34;: &#34;POST&#34;, &#34;path&#34;: &#34;/roles/&#34;, &#34;query&#34;: &#34;&#34;, &#34;ip&#34;: &#34;&#34;, &#34;user-agent&#34;: &#34;&#34;}&#xA;09-08T18:42:15.427&#x9;�[35mDEBUG�[0m&#x9;gin api call finished&#x9;{&#34;timestamp&#34;: &#34;09-08T18:42:15.427&#34;, &#34;method&#34;: &#34;POST&#34;, &#34;path&#34;: &#34;/roles/&#34;, &#34;query&#34;: &#34;&#34;, &#34;latency&#34;: &#34;54.917µs&#34;, &#34;function&#34;: &#34;RolesPost-fm&#34;, &#34;status-code&#34;: 409, &#34;body&#34;: &#34;&#34;, &#34;bodySize&#34;: 51}&#xA;09-08T18:42:15.428&#x9;�[35mDEBUG�[0m&#x9;gin api call incoming&#x9;{&#34;timestamp&#34;: &#34;09-08T18:42:15.428&#34;, &#34;method&#34;: &#34;DELETE&#34;, &#34;path&#34;: &#34;/roles/platform-admin&#34;, &#34;query&#34;: &#34;&#34;, &#34;ip&#34;: &#34;&#34;, &#34;user-agent&#34;: &#34;&#34;}&#xA;09-08T18:42:15.428&#x9;�[35mDEBUG�[0m&#x9;gin api call finished&#x9;{&#34;timestamp&#34;: &#34;09-08T18:42:15.428&#34;, &#34;method&#34;: &#34;DELETE&#34;, &#34;path&#34;: &#34;/roles/platform-admin&#34;, &#34;query&#34;: &#34;&#34;, &#34;latency&#34;: &#34;14.542µs&#34;, &#34;function&#34;: &#34;RolesIdDelete-fm&#34;, &#34;status-code&#34;: 204, &#34;body&#34;: &#34;&#34;, &#34;bodySize&#34;: 0}&#xA;09-08T18:42:15.428&#x9;�[35mDEBUG�[0m&#x9;gin api call incoming&#x9;{&#34;timestamp&#34;: &#34;09-08T18:42:15.428&#34;, &#34;method&#34;: &#34;DELETE&#34;, &#34;path&#34;: &#34;/roles/platform-admin&#34;, &#34;query&#34;: &#34;&#34;, &#34;ip&#34;: &#34;&#34;, &#34;user-agent&#34;: &#34;&#34;}&#xA;09-08T18:42:15.428&#x9;�[35mDEBUG�[0m&#x9;gin api call finished&#x9;{&#34;timestamp&#34;: &#34;09-08T18:42:15.428&#34;, &#34;method&#34;: &#34;DELETE&#34;, &#34;path&#34;: &#34;/roles/platform-admin&#34;, &#34;query&#34;: &#34;&#34;, &#34;latency&#34;: &#34;9.833µs&#34;, &#34;function&#34;: &#34;RolesIdDelete-fm&#34;, &#34;status-code&#34;: 404, &#34;body&#34;: &#34;&#34;, &#34;bodySize&#34;: 48}&#xA;09-08T18:42:15.428&#x9;�[35mDEBUG�[0m&#x9;gin api call incoming&#x9;{&#34;timestamp&#34;: &#34;09-08T18:42:15.428&#34;, &#34;method&#34;: &#34;POST&#34;, &#34;path&#34;: &#34;/roles/platform-admin&#34;, &#34;query&#34;: &#34;&#34;, &#34;ip&#34;: &#34;&#34;, &#34;user-agent&#34;: &#34;&#34;}&#xA;09-08T18:42:15.428&#x9;�[35mDEBUG�[0m&#x9;gin api call finished&#x9;{&#34;timestamp&#34;: &#34;09-08T18:42:15.428&#34;, &#34;method&#34;: &#34;POST&#34;, &#34;path&#34;: &#34;/roles/platform-admin&#34;, &#34;query&#34;: &#34;&#34;, &#34;latency&#34;: &#34;16.584µs&#34;, &#34;function&#34;: &#34;func1&#34;, &#34;status-code&#34;: 404, &#34;body&#34;: &#34;&#34;, &#34;bodySize&#34;: 0}&#xA;</system-out>
              <system-err>&gt; Enter [BeforeEach] Test handler [Role] - /Users/kover/Developer/Individual/my-auth-service/internal/handler/role_test.go:12 @ 09/08/23 18:42:15.427&#xA;&lt; Exit [BeforeEach] Test handler [Role] - /Users/kover/Developer/Individual/my-auth-service/internal/handler/role_test.go:12 @ 09/08/23 18:42:15.427 (0s)&#xA;&gt; Enter [BeforeEach] When repeatedly delete role, the second call should fail - /Users/kover/Developer/Individual/my-auth-service/internal/handler/role_test.go:75 @ 09/08/23 18:42:15.428&#xA;&lt; Exit [BeforeEach] When repeatedly delete role, the second call should fail - /Users/kover/Developer/Individual/my-auth-service/internal/handler/role_test.go:75 @ 09/08/23 18:42:15.428 (0s)&#xA;&gt; Enter [It] should response with message in body - /Users/kover/Developer/Individual/my-auth-service/internal/handler/role_test.go:84 @ 09/08/23 18:42:15.428&#xA;&lt; Exit [It] should response with message in body - /Users/kover/Developer/Individual/my-auth-service/internal/handler/role_test.go:84 @ 09/08/23 18:42:15.428 (0s)&#xA;&gt; Enter [AfterEach] When repeatedly delete role, the second call should fail - /Users/kover/Developer/Individual/my-auth-service/internal/handler/role_test.go:88 @ 09/08/23 18:42:15.428&#xA;&lt; Exit [AfterEach] When repeatedly delete role, the second call should fail - /Users/kover/Developer/Individual/my-auth-service/internal/handler/role_test.go:88 @ 09/08/23 18:42:15.428 (0s)&#xA;</system-err>
          </testcase>
          <testcase name="[BeforeSuite]" classname="Handler Suite" status="passed" time="0.001114042">
              <system-out>[Fx] PROVIDE&#x9;fx.Lifecycle &lt;= go.uber.org/fx.New.func1()&#xA;[Fx] PROVIDE&#x9;fx.Shutdowner &lt;= go.uber.org/fx.(*App).shutdowner-fm()&#xA;[Fx] PROVIDE&#x9;fx.DotGraph &lt;= go.uber.org/fx.(*App).dotGraph-fm()&#xA;09-08T18:42:15.417&#x9;�[34mINFO�[0m&#x9;provided&#x9;{&#34;constructor&#34;: &#34;my-auth-service/internal/server.NewLogger()&#34;, &#34;module&#34;: &#34;handler suite test&#34;, &#34;type&#34;: &#34;logger.Logger&#34;}&#xA;09-08T18:42:15.417&#x9;�[34mINFO�[0m&#x9;provided&#x9;{&#34;constructor&#34;: &#34;my-auth-service/internal/repository.New()&#34;, &#34;module&#34;: &#34;handler suite test&#34;, &#34;type&#34;: &#34;dependency.Repository&#34;}&#xA;09-08T18:42:15.417&#x9;�[34mINFO�[0m&#x9;provided&#x9;{&#34;constructor&#34;: &#34;my-auth-service/internal/handler.New()&#34;, &#34;module&#34;: &#34;handler suite test&#34;, &#34;type&#34;: &#34;*handler.Handler&#34;}&#xA;09-08T18:42:15.417&#x9;�[34mINFO�[0m&#x9;provided&#x9;{&#34;constructor&#34;: &#34;my-auth-service/internal/server.New()&#34;, &#34;module&#34;: &#34;handler suite test&#34;, &#34;type&#34;: &#34;*server.Server&#34;}&#xA;09-08T18:42:15.417&#x9;�[34mINFO�[0m&#x9;initialized custom fxevent.Logger&#x9;{&#34;function&#34;: &#34;github.com/kovercjm/tool-go/dependency_injection/fx.FxLogger()&#34;}&#xA;09-08T18:42:15.417&#x9;�[34mINFO�[0m&#x9;invoking&#x9;{&#34;function&#34;: &#34;my-auth-service/internal/handler_test.glob..func2.1()&#34;, &#34;module&#34;: &#34;handler suite test&#34;}&#xA;[GIN-debug] [WARNING] Running in &#34;debug&#34; mode. Switch to &#34;release&#34; mode in production.&#xA; - using env:&#x9;export GIN_MODE=release&#xA; - using code:&#x9;gin.SetMode(gin.ReleaseMode)&#xA;&#xA;[GIN-debug] DELETE /users/:id                --&gt; my-auth-service/internal/handler/gen.UserAPI.UsersIdDelete-fm (5 handlers)&#xA;[GIN-debug] POST   /users/                   --&gt; my-auth-service/internal/handler/gen.UserAPI.UsersPost-fm (5 handlers)&#xA;[GIN-debug] DELETE /roles/:id                --&gt; my-auth-service/internal/handler/gen.RoleAPI.RolesIdDelete-fm (5 handlers)&#xA;[GIN-debug] POST   /roles/                   --&gt; my-auth-service/internal/handler/gen.RoleAPI.RolesPost-fm (5 handlers)&#xA;[GIN-debug] POST   /auth/login               --&gt; my-auth-service/internal/handler/gen.AuthAPI.AuthLoginPost-fm (5 handlers)&#xA;[GIN-debug] POST   /auth/logout              --&gt; my-auth-service/internal/handler/gen.AuthAPI.AuthLogoutPost-fm (5 handlers)&#xA;[GIN-debug] GET    /users/me/roles           --&gt; my-auth-service/internal/handler/gen.AuthAPI.UsersMeRolesGet-fm (5 handlers)&#xA;[GIN-debug] GET    /users/me/roles/:id       --&gt; my-auth-service/internal/handler/gen.AuthAPI.UsersMeRolesIdGet-fm (5 handlers)&#xA;[GIN-debug] POST   /users/:userID/roles/:roleID --&gt; my-auth-service/internal/handler/gen.AuthAPI.UsersUserIDRolesRoleIDPost-fm (5 handlers)&#xA;[Fx] RUNNING&#xA;</system-out>
              <system-err>&gt; Enter [BeforeSuite] TOP-LEVEL - /Users/kover/Developer/Individual/my-auth-service/internal/handler/handler_suite_test.go:29 @ 09/08/23 18:42:15.416&#xA;&lt; Exit [BeforeSuite] TOP-LEVEL - /Users/kover/Developer/Individual/my-auth-service/internal/handler/handler_suite_test.go:29 @ 09/08/23 18:42:15.417 (1ms)&#xA;</system-err>
          </testcase>
          <testcase name="[It] Test handler [User] When create user success should response with status code 200" classname="Handler Suite" status="passed" time="0.002549667">
              <system-out>09-08T18:42:15.42&#x9;�[35mDEBUG�[0m&#x9;gin api call incoming&#x9;{&#34;timestamp&#34;: &#34;09-08T18:42:15.42&#34;, &#34;method&#34;: &#34;POST&#34;, &#34;path&#34;: &#34;/users/&#34;, &#34;query&#34;: &#34;&#34;, &#34;ip&#34;: &#34;&#34;, &#34;user-agent&#34;: &#34;&#34;}&#xA;09-08T18:42:15.421&#x9;�[35mDEBUG�[0m&#x9;gin api call finished&#x9;{&#34;timestamp&#34;: &#34;09-08T18:42:15.42&#34;, &#34;method&#34;: &#34;POST&#34;, &#34;path&#34;: &#34;/users/&#34;, &#34;query&#34;: &#34;&#34;, &#34;latency&#34;: &#34;240.5µs&#34;, &#34;function&#34;: &#34;UsersPost-fm&#34;, &#34;status-code&#34;: 200, &#34;body&#34;: &#34;&#34;, &#34;bodySize&#34;: 12}&#xA;09-08T18:42:15.421&#x9;�[35mDEBUG�[0m&#x9;gin api call incoming&#x9;{&#34;timestamp&#34;: &#34;09-08T18:42:15.421&#34;, &#34;method&#34;: &#34;POST&#34;, &#34;path&#34;: &#34;/users/&#34;, &#34;query&#34;: &#34;&#34;, &#34;ip&#34;: &#34;&#34;, &#34;user-agent&#34;: &#34;&#34;}&#xA;09-08T18:42:15.421&#x9;�[35mDEBUG�[0m&#x9;gin api call finished&#x9;{&#34;timestamp&#34;: &#34;09-08T18:42:15.421&#34;, &#34;method&#34;: &#34;POST&#34;, &#34;path&#34;: &#34;/users/&#34;, &#34;query&#34;: &#34;&#34;, &#34;latency&#34;: &#34;98.25µs&#34;, &#34;function&#34;: &#34;UsersPost-fm&#34;, &#34;status-code&#34;: 200, &#34;body&#34;: &#34;&#34;, &#34;bodySize&#34;: 13}&#xA;</system-out>
              <system-err>&gt; Enter [BeforeEach] Test handler [User] - /Users/kover/Developer/Individual/my-auth-service/internal/handler/user_test.go:12 @ 09/08/23 18:42:15.42&#xA;&lt; Exit [BeforeEach] Test handler [User] - /Users/kover/Developer/Individual/my-auth-service/internal/handler/user_test.go:12 @ 09/08/23 18:42:15.421 (0s)&#xA;&gt; Enter [BeforeEach] When create user success - /Users/kover/Developer/Individual/my-auth-service/internal/handler/user_test.go:18 @ 09/08/23 18:42:15.421&#xA;&lt; Exit [BeforeEach] When create user success - /Users/kover/Developer/Individual/my-auth-service/internal/handler/user_test.go:18 @ 09/08/23 18:42:15.421 (0s)&#xA;&gt; Enter [It] should response with status code 200 - /Users/kover/Developer/Individual/my-auth-service/internal/handler/user_test.go:22 @ 09/08/23 18:42:15.422&#xA;&lt; Exit [It] should response with status code 200 - /Users/kover/Developer/Individual/my-auth-service/internal/handler/user_test.go:22 @ 09/08/23 18:42:15.423 (0s)&#xA;</system-err>
          </testcase>
          <testcase name="[It] Test handler [Role] When repeatedly create role, the second call should fail should response with message in body" classname="Handler Suite" status="passed" time="0.0017865">
              <system-out>09-08T18:42:15.425&#x9;�[35mDEBUG�[0m&#x9;gin api call incoming&#x9;{&#34;timestamp&#34;: &#34;09-08T18:42:15.425&#34;, &#34;method&#34;: &#34;POST&#34;, &#34;path&#34;: &#34;/roles/&#34;, &#34;query&#34;: &#34;&#34;, &#34;ip&#34;: &#34;&#34;, &#34;user-agent&#34;: &#34;&#34;}&#xA;09-08T18:42:15.425&#x9;�[35mDEBUG�[0m&#x9;gin api call finished&#x9;{&#34;timestamp&#34;: &#34;09-08T18:42:15.425&#34;, &#34;method&#34;: &#34;POST&#34;, &#34;path&#34;: &#34;/roles/&#34;, &#34;query&#34;: &#34;&#34;, &#34;latency&#34;: &#34;43.417µs&#34;, &#34;function&#34;: &#34;RolesPost-fm&#34;, &#34;status-code&#34;: 200, &#34;body&#34;: &#34;&#34;, &#34;bodySize&#34;: 23}&#xA;09-08T18:42:15.425&#x9;�[35mDEBUG�[0m&#x9;gin api call incoming&#x9;{&#34;timestamp&#34;: &#34;09-08T18:42:15.425&#34;, &#34;method&#34;: &#34;POST&#34;, &#34;path&#34;: &#34;/roles/&#34;, &#34;query&#34;: &#34;&#34;, &#34;ip&#34;: &#34;&#34;, &#34;user-agent&#34;: &#34;&#34;}&#xA;09-08T18:42:15.425&#x9;�[35mDEBUG�[0m&#x9;gin api call finished&#x9;{&#34;timestamp&#34;: &#34;09-08T18:42:15.425&#34;, &#34;method&#34;: &#34;POST&#34;, &#34;path&#34;: &#34;/roles/&#34;, &#34;query&#34;: &#34;&#34;, &#34;latency&#34;: &#34;35.667µs&#34;, &#34;function&#34;: &#34;RolesPost-fm&#34;, &#34;status-code&#34;: 409, &#34;body&#34;: &#34;&#34;, &#34;bodySize&#34;: 51}&#xA;09-08T18:42:15.426&#x9;�[35mDEBUG�[0m&#x9;gin api call incoming&#x9;{&#34;timestamp&#34;: &#34;09-08T18:42:15.426&#34;, &#34;method&#34;: &#34;DELETE&#34;, &#34;path&#34;: &#34;/roles/platform-admin&#34;, &#34;query&#34;: &#34;&#34;, &#34;ip&#34;: &#34;&#34;, &#34;user-agent&#34;: &#34;&#34;}&#xA;09-08T18:42:15.426&#x9;�[35mDEBUG�[0m&#x9;gin api call finished&#x9;{&#34;timestamp&#34;: &#34;09-08T18:42:15.426&#34;, &#34;method&#34;: &#34;DELETE&#34;, &#34;path&#34;: &#34;/roles/platform-admin&#34;, &#34;query&#34;: &#34;&#34;, &#34;latency&#34;: &#34;22.292µs&#34;, &#34;function&#34;: &#34;RolesIdDelete-fm&#34;, &#34;status-code&#34;: 204, &#34;body&#34;: &#34;&#34;, &#34;bodySize&#34;: 0}&#xA;</system-out>
              <system-err>&gt; Enter [BeforeEach] Test handler [Role] - /Users/kover/Developer/Individual/my-auth-service/internal/handler/role_test.go:12 @ 09/08/23 18:42:15.425&#xA;&lt; Exit [BeforeEach] Test handler [Role] - /Users/kover/Developer/Individual/my-auth-service/internal/handler/role_test.go:12 @ 09/08/23 18:42:15.425 (0s)&#xA;&gt; Enter [BeforeEach] When repeatedly create role, the second call should fail - /Users/kover/Developer/Individual/my-auth-service/internal/handler/role_test.go:37 @ 09/08/23 18:42:15.425&#xA;&lt; Exit [BeforeEach] When repeatedly create role, the second call should fail - /Users/kover/Developer/Individual/my-auth-service/internal/handler/role_test.go:37 @ 09/08/23 18:42:15.425 (0s)&#xA;&gt; Enter [It] should response with message in body - /Users/kover/Developer/Individual/my-auth-service/internal/handler/role_test.go:45 @ 09/08/23 18:42:15.425&#xA;&lt; Exit [It] should response with message in body - /Users/kover/Developer/Individual/my-auth-service/internal/handler/role_test.go:45 @ 09/08/23 18:42:15.425 (0s)&#xA;&gt; Enter [AfterEach] When repeatedly create role, the second call should fail - /Users/kover/Developer/Individual/my-auth-service/internal/handler/role_test.go:49 @ 09/08/23 18:42:15.426&#xA;&lt; Exit [AfterEach] When repeatedly create role, the second call should fail - /Users/kover/Developer/Individual/my-auth-service/internal/handler/role_test.go:49 @ 09/08/23 18:42:15.426 (0s)&#xA;</system-err>
          </testcase>
          <testcase name="[It] Test handler [Auth] When repeatedly grant user role success should response with status code 204" classname="Handler Suite" status="passed" time="0.001276042">
              <system-out>09-08T18:42:15.428&#x9;�[35mDEBUG�[0m&#x9;gin api call incoming&#x9;{&#34;timestamp&#34;: &#34;09-08T18:42:15.428&#34;, &#34;method&#34;: &#34;POST&#34;, &#34;path&#34;: &#34;/users/&#34;, &#34;query&#34;: &#34;&#34;, &#34;ip&#34;: &#34;&#34;, &#34;user-agent&#34;: &#34;&#34;}&#xA;09-08T18:42:15.428&#x9;�[35mDEBUG�[0m&#x9;gin api call finished&#x9;{&#34;timestamp&#34;: &#34;09-08T18:42:15.428&#34;, &#34;method&#34;: &#34;POST&#34;, &#34;path&#34;: &#34;/users/&#34;, &#34;query&#34;: &#34;&#34;, &#34;latency&#34;: &#34;46.292µs&#34;, &#34;function&#34;: &#34;UsersPost-fm&#34;, &#34;status-code&#34;: 409, &#34;body&#34;: &#34;&#34;, &#34;bodySize&#34;: 51}&#xA;09-08T18:42:15.428&#x9;�[35mDEBUG�[0m&#x9;gin api call incoming&#x9;{&#34;timestamp&#34;: &#34;09-08T18:42:15.428&#34;, &#34;method&#34;: &#34;POST&#34;, &#34;path&#34;: &#34;/roles/&#34;, &#34;query&#34;: &#34;&#34;, &#34;ip&#34;: &#34;&#34;, &#34;user-agent&#34;: &#34;&#34;}&#xA;09-08T18:42:15.428&#x9;�[35mDEBUG�[0m&#x9;gin api call finished&#x9;{&#34;timestamp&#34;: &#34;09-08T18:42:15.428&#34;, &#34;method&#34;: &#34;POST&#34;, &#34;path&#34;: &#34;/roles/&#34;, &#34;query&#34;: &#34;&#34;, &#34;latency&#34;: &#34;9.875µs&#34;, &#34;function&#34;: &#34;RolesPost-fm&#34;, &#34;status-code&#34;: 200, &#34;body&#34;: &#34;&#34;, &#34;bodySize&#34;: 22}&#xA;09-08T18:42:15.428&#x9;�[35mDEBUG�[0m&#x9;gin api call incoming&#x9;{&#34;timestamp&#34;: &#34;09-08T18:42:15.428&#34;, &#34;method&#34;: &#34;POST&#34;, &#34;path&#34;: &#34;/users/John/roles/platform-user&#34;, &#34;query&#34;: &#34;&#34;, &#34;ip&#34;: &#34;&#34;, &#34;user-agent&#34;: &#34;&#34;}&#xA;09-08T18:42:15.428&#x9;�[35mDEBUG�[0m&#x9;gin api call finished&#x9;{&#34;timestamp&#34;: &#34;09-08T18:42:15.428&#34;, &#34;method&#34;: &#34;POST&#34;, &#34;path&#34;: &#34;/users/John/roles/platform-user&#34;, &#34;query&#34;: &#34;&#34;, &#34;latency&#34;: &#34;18.375µs&#34;, &#34;function&#34;: &#34;UsersUserIDRolesRoleIDPost-fm&#34;, &#34;status-code&#34;: 204, &#34;body&#34;: &#34;&#34;, &#34;bodySize&#34;: 0}&#xA;09-08T18:42:15.428&#x9;�[35mDEBUG�[0m&#x9;gin api call incoming&#x9;{&#34;timestamp&#34;: &#34;09-08T18:42:15.428&#34;, &#34;method&#34;: &#34;POST&#34;, &#34;path&#34;: &#34;/users/John/roles/platform-user&#34;, &#34;query&#34;: &#34;&#34;, &#34;ip&#34;: &#34;&#34;, &#34;user-agent&#34;: &#34;&#34;}&#xA;09-08T18:42:15.428&#x9;�[35mDEBUG�[0m&#x9;gin api call finished&#x9;{&#34;timestamp&#34;: &#34;09-08T18:42:15.428&#34;, &#34;method&#34;: &#34;POST&#34;, &#34;path&#34;: &#34;/users/John/roles/platform-user&#34;, &#34;query&#34;: &#34;&#34;, &#34;latency&#34;: &#34;4.167µs&#34;, &#34;function&#34;: &#34;UsersUserIDRolesRoleIDPost-fm&#34;, &#34;status-code&#34;: 204, &#34;body&#34;: &#34;&#34;, &#34;bodySize&#34;: 0}&#xA;</system-out>
              <system-err>&gt; Enter [BeforeEach] Test handler [Auth] - /Users/kover/Developer/Individual/my-auth-service/internal/handler/auth_test.go:14 @ 09/08/23 18:42:15.428&#xA;&lt; Exit [BeforeEach] Test handler [Auth] - /Users/kover/Developer/Individual/my-auth-service/internal/handler/auth_test.go:14 @ 09/08/23 18:42:15.428 (0s)&#xA;&gt; Enter [BeforeEach] When repeatedly grant user role success - /Users/kover/Developer/Individual/my-auth-service/internal/handler/auth_test.go:37 @ 09/08/23 18:42:15.428&#xA;&lt; Exit [BeforeEach] When repeatedly grant user role success - /Users/kover/Developer/Individual/my-auth-service/internal/handler/auth_test.go:37 @ 09/08/23 18:42:15.428 (0s)&#xA;&gt; Enter [It] should response with status code 204 - /Users/kover/Developer/Individual/my-auth-service/internal/handler/auth_test.go:42 @ 09/08/23 18:42:15.429&#xA;&lt; Exit [It] should response with status code 204 - /Users/kover/Developer/Individual/my-auth-service/internal/handler/auth_test.go:42 @ 09/08/23 18:42:15.429 (0s)&#xA;</system-err>
          </testcase>
          <testcase name="[BeforeSuite]" classname="Handler Suite" status="passed" time="0.001111917">
              <system-out>[Fx] PROVIDE&#x9;fx.Lifecycle &lt;= go.uber.org/fx.New.func1()&#xA;[Fx] PROVIDE&#x9;fx.Shutdowner &lt;= go.uber.org/fx.(*App).shutdowner-fm()&#xA;[Fx] PROVIDE&#x9;fx.DotGraph &lt;= go.uber.org/fx.(*App).dotGraph-fm()&#xA;09-08T18:42:15.418&#x9;�[34mINFO�[0m&#x9;provided&#x9;{&#34;constructor&#34;: &#34;my-auth-service/internal/server.NewLogger()&#34;, &#34;module&#34;: &#34;handler suite test&#34;, &#34;type&#34;: &#34;logger.Logger&#34;}&#xA;09-08T18:42:15.418&#x9;�[34mINFO�[0m&#x9;provided&#x9;{&#34;constructor&#34;: &#34;my-auth-service/internal/repository.New()&#34;, &#34;module&#34;: &#34;handler suite test&#34;, &#34;type&#34;: &#34;dependency.Repository&#34;}&#xA;09-08T18:42:15.418&#x9;�[34mINFO�[0m&#x9;provided&#x9;{&#34;constructor&#34;: &#34;my-auth-service/internal/handler.New()&#34;, &#34;module&#34;: &#34;handler suite test&#34;, &#34;type&#34;: &#34;*handler.Handler&#34;}&#xA;09-08T18:42:15.418&#x9;�[34mINFO�[0m&#x9;provided&#x9;{&#34;constructor&#34;: &#34;my-auth-service/internal/server.New()&#34;, &#34;module&#34;: &#34;handler suite test&#34;, &#34;type&#34;: &#34;*server.Server&#34;}&#xA;09-08T18:42:15.418&#x9;�[34mINFO�[0m&#x9;initialized custom fxevent.Logger&#x9;{&#34;function&#34;: &#34;github.com/kovercjm/tool-go/dependency_injection/fx.FxLogger()&#34;}&#xA;09-08T18:42:15.418&#x9;�[34mINFO�[0m&#x9;invoking&#x9;{&#34;function&#34;: &#34;my-auth-service/internal/handler_test.glob..func2.1()&#34;, &#34;module&#34;: &#34;handler suite test&#34;}&#xA;[GIN-debug] [WARNING] Running in &#34;debug&#34; mode. Switch to &#34;release&#34; mode in production.&#xA; - using env:&#x9;export GIN_MODE=release&#xA; - using code:&#x9;gin.SetMode(gin.ReleaseMode)&#xA;&#xA;[GIN-debug] DELETE /users/:id                --&gt; my-auth-service/internal/handler/gen.UserAPI.UsersIdDelete-fm (5 handlers)&#xA;[GIN-debug] POST   /users/                   --&gt; my-auth-service/internal/handler/gen.UserAPI.UsersPost-fm (5 handlers)&#xA;[GIN-debug] DELETE /roles/:id                --&gt; my-auth-service/internal/handler/gen.RoleAPI.RolesIdDelete-fm (5 handlers)&#xA;[GIN-debug] POST   /roles/                   --&gt; my-auth-service/internal/handler/gen.RoleAPI.RolesPost-fm (5 handlers)&#xA;[GIN-debug] POST   /auth/login               --&gt; my-auth-service/internal/handler/gen.AuthAPI.AuthLoginPost-fm (5 handlers)&#xA;[GIN-debug] POST   /auth/logout              --&gt; my-auth-service/internal/handler/gen.AuthAPI.AuthLogoutPost-fm (5 handlers)&#xA;[GIN-debug] GET    /users/me/roles           --&gt; my-auth-service/internal/handler/gen.AuthAPI.UsersMeRolesGet-fm (5 handlers)&#xA;[GIN-debug] GET    /users/me/roles/:id       --&gt; my-auth-service/internal/handler/gen.AuthAPI.UsersMeRolesIdGet-fm (5 handlers)&#xA;[GIN-debug] POST   /users/:userID/roles/:roleID --&gt; my-auth-service/internal/handler/gen.AuthAPI.UsersUserIDRolesRoleIDPost-fm (5 handlers)&#xA;[Fx] RUNNING&#xA;</system-out>
              <system-err>&gt; Enter [BeforeSuite] TOP-LEVEL - /Users/kover/Developer/Individual/my-auth-service/internal/handler/handler_suite_test.go:29 @ 09/08/23 18:42:15.418&#xA;&lt; Exit [BeforeSuite] TOP-LEVEL - /Users/kover/Developer/Individual/my-auth-service/internal/handler/handler_suite_test.go:29 @ 09/08/23 18:42:15.418 (0s)&#xA;</system-err>
          </testcase>
          <testcase name="[It] Test handler [User] When repeatedly delete user, the second call should fail should response with status code 404" classname="Handler Suite" status="passed" time="0.003150041">
              <system-out>09-08T18:42:15.421&#x9;�[35mDEBUG�[0m&#x9;gin api call incoming&#x9;{&#34;timestamp&#34;: &#34;09-08T18:42:15.421&#34;, &#34;method&#34;: &#34;POST&#34;, &#34;path&#34;: &#34;/users/&#34;, &#34;query&#34;: &#34;&#34;, &#34;ip&#34;: &#34;&#34;, &#34;user-agent&#34;: &#34;&#34;}&#xA;09-08T18:42:15.422&#x9;�[35mDEBUG�[0m&#x9;gin api call finished&#x9;{&#34;timestamp&#34;: &#34;09-08T18:42:15.421&#34;, &#34;method&#34;: &#34;POST&#34;, &#34;path&#34;: &#34;/users/&#34;, &#34;query&#34;: &#34;&#34;, &#34;latency&#34;: &#34;252.833µs&#34;, &#34;function&#34;: &#34;UsersPost-fm&#34;, &#34;status-code&#34;: 200, &#34;body&#34;: &#34;&#34;, &#34;bodySize&#34;: 12}&#xA;09-08T18:42:15.423&#x9;�[35mDEBUG�[0m&#x9;gin api call incoming&#x9;{&#34;timestamp&#34;: &#34;09-08T18:42:15.423&#34;, &#34;method&#34;: &#34;DELETE&#34;, &#34;path&#34;: &#34;/users/Doe&#34;, &#34;query&#34;: &#34;&#34;, &#34;ip&#34;: &#34;&#34;, &#34;user-agent&#34;: &#34;&#34;}&#xA;09-08T18:42:15.423&#x9;�[35mDEBUG�[0m&#x9;gin api call finished&#x9;{&#34;timestamp&#34;: &#34;09-08T18:42:15.423&#34;, &#34;method&#34;: &#34;DELETE&#34;, &#34;path&#34;: &#34;/users/Doe&#34;, &#34;query&#34;: &#34;&#34;, &#34;latency&#34;: &#34;38.458µs&#34;, &#34;function&#34;: &#34;UsersIdDelete-fm&#34;, &#34;status-code&#34;: 204, &#34;body&#34;: &#34;&#34;, &#34;bodySize&#34;: 0}&#xA;09-08T18:42:15.423&#x9;�[35mDEBUG�[0m&#x9;gin api call incoming&#x9;{&#34;timestamp&#34;: &#34;09-08T18:42:15.423&#34;, &#34;method&#34;: &#34;DELETE&#34;, &#34;path&#34;: &#34;/users/Doe&#34;, &#34;query&#34;: &#34;&#34;, &#34;ip&#34;: &#34;&#34;, &#34;user-agent&#34;: &#34;&#34;}&#xA;09-08T18:42:15.423&#x9;�[35mDEBUG�[0m&#x9;gin api call finished&#x9;{&#34;timestamp&#34;: &#34;09-08T18:42:15.423&#34;, &#34;method&#34;: &#34;DELETE&#34;, &#34;path&#34;: &#34;/users/Doe&#34;, &#34;query&#34;: &#34;&#34;, &#34;latency&#34;: &#34;35.125µs&#34;, &#34;function&#34;: &#34;UsersIdDelete-fm&#34;, &#34;status-code&#34;: 404, &#34;body&#34;: &#34;&#34;, &#34;bodySize&#34;: 48}&#xA;</system-out>
              <system-err>&gt; Enter [BeforeEach] Test handler [User] - /Users/kover/Developer/Individual/my-auth-service/internal/handler/user_test.go:12 @ 09/08/23 18:42:15.421&#xA;&lt; Exit [BeforeEach] Test handler [User] - /Users/kover/Developer/Individual/my-auth-service/internal/handler/user_test.go:12 @ 09/08/23 18:42:15.422 (0s)&#xA;&gt; Enter [BeforeEach] When repeatedly delete user, the second call should fail - /Users/kover/Developer/Individual/my-auth-service/internal/handler/user_test.go:63 @ 09/08/23 18:42:15.423&#xA;&lt; Exit [BeforeEach] When repeatedly delete user, the second call should fail - /Users/kover/Developer/Individual/my-auth-service/internal/handler/user_test.go:63 @ 09/08/23 18:42:15.423 (0s)&#xA;&gt; Enter [It] should response with status code 404 - /Users/kover/Developer/Individual/my-auth-service/internal/handler/user_test.go:68 @ 09/08/23 18:42:15.424&#xA;&lt; Exit [It] should response with status code 404 - /Users/kover/Developer/Individual/my-auth-service/internal/handler/user_test.go:68 @ 09/08/23 18:42:15.424 (0s)&#xA;</system-err>
          </testcase>
          <testcase name="[It] Test handler [Role] When delete role success should have no response body" classname="Handler Suite" status="passed" time="0.002095292">
              <system-out>09-08T18:42:15.426&#x9;�[35mDEBUG�[0m&#x9;gin api call incoming&#x9;{&#34;timestamp&#34;: &#34;09-08T18:42:15.426&#34;, &#34;method&#34;: &#34;POST&#34;, &#34;path&#34;: &#34;/roles/&#34;, &#34;query&#34;: &#34;&#34;, &#34;ip&#34;: &#34;&#34;, &#34;user-agent&#34;: &#34;&#34;}&#xA;09-08T18:42:15.426&#x9;�[35mDEBUG�[0m&#x9;gin api call finished&#x9;{&#34;timestamp&#34;: &#34;09-08T18:42:15.426&#34;, &#34;method&#34;: &#34;POST&#34;, &#34;path&#34;: &#34;/roles/&#34;, &#34;query&#34;: &#34;&#34;, &#34;latency&#34;: &#34;51.583µs&#34;, &#34;function&#34;: &#34;RolesPost-fm&#34;, &#34;status-code&#34;: 200, &#34;body&#34;: &#34;&#34;, &#34;bodySize&#34;: 23}&#xA;09-08T18:42:15.426&#x9;�[35mDEBUG�[0m&#x9;gin api call incoming&#x9;{&#34;timestamp&#34;: &#34;09-08T18:42:15.426&#34;, &#34;method&#34;: &#34;DELETE&#34;, &#34;path&#34;: &#34;/roles/platform-admin&#34;, &#34;query&#34;: &#34;&#34;, &#34;ip&#34;: &#34;&#34;, &#34;user-agent&#34;: &#34;&#34;}&#xA;09-08T18:42:15.426&#x9;�[35mDEBUG�[0m&#x9;gin api call finished&#x9;{&#34;timestamp&#34;: &#34;09-08T18:42:15.426&#34;, &#34;method&#34;: &#34;DELETE&#34;, &#34;path&#34;: &#34;/roles/platform-admin&#34;, &#34;query&#34;: &#34;&#34;, &#34;latency&#34;: &#34;13.25µs&#34;, &#34;function&#34;: &#34;RolesIdDelete-fm&#34;, &#34;status-code&#34;: 204, &#34;body&#34;: &#34;&#34;, &#34;bodySize&#34;: 0}&#xA;09-08T18:42:15.427&#x9;�[35mDEBUG�[0m&#x9;gin api call incoming&#x9;{&#34;timestamp&#34;: &#34;09-08T18:42:15.427&#34;, &#34;method&#34;: &#34;POST&#34;, &#34;path&#34;: &#34;/roles/platform-admin&#34;, &#34;query&#34;: &#34;&#34;, &#34;ip&#34;: &#34;&#34;, &#34;user-agent&#34;: &#34;&#34;}&#xA;09-08T18:42:15.427&#x9;�[35mDEBUG�[0m&#x9;gin api call finished&#x9;{&#34;timestamp&#34;: &#34;09-08T18:42:15.427&#34;, &#34;method&#34;: &#34;POST&#34;, &#34;path&#34;: &#34;/roles/platform-admin&#34;, &#34;query&#34;: &#34;&#34;, &#34;latency&#34;: &#34;24.417µs&#34;, &#34;function&#34;: &#34;func1&#34;, &#34;status-code&#34;: 404, &#34;body&#34;: &#34;&#34;, &#34;bodySize&#34;: 0}&#xA;</system-out>
              <system-err>&gt; Enter [BeforeEach] Test handler [Role] - /Users/kover/Developer/Individual/my-auth-service/internal/handler/role_test.go:12 @ 09/08/23 18:42:15.426&#xA;&lt; Exit [BeforeEach] Test handler [Role] - /Users/kover/Developer/Individual/my-auth-service/internal/handler/role_test.go:12 @ 09/08/23 18:42:15.426 (0s)&#xA;&gt; Enter [BeforeEach] When delete role success - /Users/kover/Developer/Individual/my-auth-service/internal/handler/role_test.go:56 @ 09/08/23 18:42:15.426&#xA;&lt; Exit [BeforeEach] When delete role success - /Users/kover/Developer/Individual/my-auth-service/internal/handler/role_test.go:56 @ 09/08/23 18:42:15.426 (0s)&#xA;&gt; Enter [It] should have no response body - /Users/kover/Developer/Individual/my-auth-service/internal/handler/role_test.go:64 @ 09/08/23 18:42:15.427&#xA;&lt; Exit [It] should have no response body - /Users/kover/Developer/Individual/my-auth-service/internal/handler/role_test.go:64 @ 09/08/23 18:42:15.427 (0s)&#xA;&gt; Enter [AfterEach] When delete role success - /Users/kover/Developer/Individual/my-auth-service/internal/handler/role_test.go:68 @ 09/08/23 18:42:15.427&#xA;&lt; Exit [AfterEach] When delete role success - /Users/kover/Developer/Individual/my-auth-service/internal/handler/role_test.go:68 @ 09/08/23 18:42:15.427 (0s)&#xA;</system-err>
          </testcase>
          <testcase name="[It] Test handler [Auth] When list user roles success should response with status code 200" classname="Handler Suite" status="passed" time="0.001147583">
              <system-out>09-08T18:42:15.429&#x9;�[35mDEBUG�[0m&#x9;gin api call incoming&#x9;{&#34;timestamp&#34;: &#34;09-08T18:42:15.429&#34;, &#34;method&#34;: &#34;POST&#34;, &#34;path&#34;: &#34;/users/&#34;, &#34;query&#34;: &#34;&#34;, &#34;ip&#34;: &#34;&#34;, &#34;user-agent&#34;: &#34;&#34;}&#xA;09-08T18:42:15.429&#x9;�[35mDEBUG�[0m&#x9;gin api call finished&#x9;{&#34;timestamp&#34;: &#34;09-08T18:42:15.429&#34;, &#34;method&#34;: &#34;POST&#34;, &#34;path&#34;: &#34;/users/&#34;, &#34;query&#34;: &#34;&#34;, &#34;latency&#34;: &#34;29.792µs&#34;, &#34;function&#34;: &#34;UsersPost-fm&#34;, &#34;status-code&#34;: 200, &#34;body&#34;: &#34;&#34;, &#34;bodySize&#34;: 13}&#xA;09-08T18:42:15.429&#x9;�[35mDEBUG�[0m&#x9;gin api call incoming&#x9;{&#34;timestamp&#34;: &#34;09-08T18:42:15.429&#34;, &#34;method&#34;: &#34;POST&#34;, &#34;path&#34;: &#34;/roles/&#34;, &#34;query&#34;: &#34;&#34;, &#34;ip&#34;: &#34;&#34;, &#34;user-agent&#34;: &#34;&#34;}&#xA;09-08T18:42:15.429&#x9;�[35mDEBUG�[0m&#x9;gin api call finished&#x9;{&#34;timestamp&#34;: &#34;09-08T18:42:15.429&#34;, &#34;method&#34;: &#34;POST&#34;, &#34;path&#34;: &#34;/roles/&#34;, &#34;query&#34;: &#34;&#34;, &#34;latency&#34;: &#34;9.083µs&#34;, &#34;function&#34;: &#34;RolesPost-fm&#34;, &#34;status-code&#34;: 200, &#34;body&#34;: &#34;&#34;, &#34;bodySize&#34;: 22}&#xA;09-08T18:42:15.429&#x9;�[35mDEBUG�[0m&#x9;gin api call incoming&#x9;{&#34;timestamp&#34;: &#34;09-08T18:42:15.429&#34;, &#34;method&#34;: &#34;POST&#34;, &#34;path&#34;: &#34;/auth/login&#34;, &#34;query&#34;: &#34;&#34;, &#34;ip&#34;: &#34;&#34;, &#34;user-agent&#34;: &#34;&#34;}&#xA;09-08T18:42:15.43&#x9;�[35mDEBUG�[0m&#x9;gin api call finished&#x9;{&#34;timestamp&#34;: &#34;09-08T18:42:15.429&#34;, &#34;method&#34;: &#34;POST&#34;, &#34;path&#34;: &#34;/auth/login&#34;, &#34;query&#34;: &#34;&#34;, &#34;latency&#34;: &#34;65.375µs&#34;, &#34;function&#34;: &#34;AuthLoginPost-fm&#34;, &#34;status-code&#34;: 200, &#34;body&#34;: &#34;&#34;, &#34;bodySize&#34;: 139}&#xA;{&#34;token&#34;:&#34;eyJhbGciOiJIUzI1NiIsInR5cCI6IkpXVCJ9.eyJleHAiOjE2OTQxNzY5MzUsIlVzZXJJRCI6IkpvaG4ifQ.o-IqxlUi2R1_ObQblmJh8o3WIrnrXgaPFX3jbs1lU38&#34;}&#xA;eyJhbGciOiJIUzI1NiIsInR5cCI6IkpXVCJ9.eyJleHAiOjE2OTQxNzY5MzUsIlVzZXJJRCI6IkpvaG4ifQ.o-IqxlUi2R1_ObQblmJh8o3WIrnrXgaPFX3jbs1lU38 {eyJhbGciOiJIUzI1NiIsInR5cCI6IkpXVCJ9.eyJleHAiOjE2OTQxNzY5MzUsIlVzZXJJRCI6IkpvaG4ifQ.o-IqxlUi2R1_ObQblmJh8o3WIrnrXgaPFX3jbs1lU38}&#xA;09-08T18:42:15.43&#x9;�[35mDEBUG�[0m&#x9;gin api call incoming&#x9;{&#34;timestamp&#34;: &#34;09-08T18:42:15.43&#34;, &#34;method&#34;: &#34;POST&#34;, &#34;path&#34;: &#34;/users/John/roles/platform-user&#34;, &#34;query&#34;: &#34;&#34;, &#34;ip&#34;: &#34;&#34;, &#34;user-agent&#34;: &#34;&#34;}&#xA;09-08T18:42:15.43&#x9;�[35mDEBUG�[0m&#x9;gin api call finished&#x9;{&#34;timestamp&#34;: &#34;09-08T18:42:15.43&#34;, &#34;method&#34;: &#34;POST&#34;, &#34;path&#34;: &#34;/users/John/roles/platform-user&#34;, &#34;query&#34;: &#34;&#34;, &#34;latency&#34;: &#34;7.209µs&#34;, &#34;function&#34;: &#34;UsersUserIDRolesRoleIDPost-fm&#34;, &#34;status-code&#34;: 204, &#34;body&#34;: &#34;&#34;, &#34;bodySize&#34;: 0}&#xA;09-08T18:42:15.43&#x9;�[35mDEBUG�[0m&#x9;gin api call incoming&#x9;{&#34;timestamp&#34;: &#34;09-08T18:42:15.43&#34;, &#34;method&#34;: &#34;GET&#34;, &#34;path&#34;: &#34;/users/me/roles&#34;, &#34;query&#34;: &#34;&#34;, &#34;ip&#34;: &#34;&#34;, &#34;user-agent&#34;: &#34;&#34;}&#xA;&amp;{0x14000922780 [0x14000533360]}&#xA;09-08T18:42:15.43&#x9;�[35mDEBUG�[0m&#x9;gin api call finished&#x9;{&#34;timestamp&#34;: &#34;09-08T18:42:15.43&#34;, &#34;method&#34;: &#34;GET&#34;, &#34;path&#34;: &#34;/users/me/roles&#34;, &#34;query&#34;: &#34;&#34;, &#34;latency&#34;: &#34;51.625µs&#34;, &#34;function&#34;: &#34;UsersMeRolesGet-fm&#34;, &#34;status-code&#34;: 200, &#34;body&#34;: &#34;&#34;, &#34;bodySize&#34;: 57}&#xA;</system-out>
              <system-err>&gt; Enter [BeforeEach] Test handler [Auth] - /Users/kover/Developer/Individual/my-auth-service/internal/handler/auth_test.go:14 @ 09/08/23 18:42:15.429&#xA;&lt; Exit [BeforeEach] Test handler [Auth] - /Users/kover/Developer/Individual/my-auth-service/internal/handler/auth_test.go:14 @ 09/08/23 18:42:15.429 (0s)&#xA;&gt; Enter [BeforeEach] When list user roles success - /Users/kover/Developer/Individual/my-auth-service/internal/handler/auth_test.go:57 @ 09/08/23 18:42:15.429&#xA;&lt; Exit [BeforeEach] When list user roles success - /Users/kover/Developer/Individual/my-auth-service/internal/handler/auth_test.go:57 @ 09/08/23 18:42:15.43 (0s)&#xA;&gt; Enter [It] should response with status code 200 - /Users/kover/Developer/Individual/my-auth-service/internal/handler/auth_test.go:71 @ 09/08/23 18:42:15.43&#xA;&lt; Exit [It] should response with status code 200 - /Users/kover/Developer/Individual/my-auth-service/internal/handler/auth_test.go:71 @ 09/08/23 18:42:15.43 (0s)&#xA;</system-err>
          </testcase>
          <testcase name="[BeforeSuite]" classname="Handler Suite" status="passed" time="0.000946666">
              <system-out>[Fx] PROVIDE&#x9;fx.Lifecycle &lt;= go.uber.org/fx.New.func1()&#xA;[Fx] PROVIDE&#x9;fx.Shutdowner &lt;= go.uber.org/fx.(*App).shutdowner-fm()&#xA;[Fx] PROVIDE&#x9;fx.DotGraph &lt;= go.uber.org/fx.(*App).dotGraph-fm()&#xA;09-08T18:42:15.417&#x9;�[34mINFO�[0m&#x9;provided&#x9;{&#34;constructor&#34;: &#34;my-auth-service/internal/server.NewLogger()&#34;, &#34;module&#34;: &#34;handler suite test&#34;, &#34;type&#34;: &#34;logger.Logger&#34;}&#xA;09-08T18:42:15.417&#x9;�[34mINFO�[0m&#x9;provided&#x9;{&#34;constructor&#34;: &#34;my-auth-service/internal/repository.New()&#34;, &#34;module&#34;: &#34;handler suite test&#34;, &#34;type&#34;: &#34;dependency.Repository&#34;}&#xA;09-08T18:42:15.417&#x9;�[34mINFO�[0m&#x9;provided&#x9;{&#34;constructor&#34;: &#34;my-auth-service/internal/handler.New()&#34;, &#34;module&#34;: &#34;handler suite test&#34;, &#34;type&#34;: &#34;*handler.Handler&#34;}&#xA;09-08T18:42:15.417&#x9;�[34mINFO�[0m&#x9;provided&#x9;{&#34;constructor&#34;: &#34;my-auth-service/internal/server.New()&#34;, &#34;module&#34;: &#34;handler suite test&#34;, &#34;type&#34;: &#34;*server.Server&#34;}&#xA;09-08T18:42:15.417&#x9;�[34mINFO�[0m&#x9;initialized custom fxevent.Logger&#x9;{&#34;function&#34;: &#34;github.com/kovercjm/tool-go/dependency_injection/fx.FxLogger()&#34;}&#xA;09-08T18:42:15.417&#x9;�[34mINFO�[0m&#x9;invoking&#x9;{&#34;function&#34;: &#34;my-auth-service/internal/handler_test.glob..func2.1()&#34;, &#34;module&#34;: &#34;handler suite test&#34;}&#xA;[GIN-debug] [WARNING] Running in &#34;debug&#34; mode. Switch to &#34;release&#34; mode in production.&#xA; - using env:&#x9;export GIN_MODE=release&#xA; - using code:&#x9;gin.SetMode(gin.ReleaseMode)&#xA;&#xA;[GIN-debug] DELETE /users/:id                --&gt; my-auth-service/internal/handler/gen.UserAPI.UsersIdDelete-fm (5 handlers)&#xA;[GIN-debug] POST   /users/                   --&gt; my-auth-service/internal/handler/gen.UserAPI.UsersPost-fm (5 handlers)&#xA;[GIN-debug] DELETE /roles/:id                --&gt; my-auth-service/internal/handler/gen.RoleAPI.RolesIdDelete-fm (5 handlers)&#xA;[GIN-debug] POST   /roles/                   --&gt; my-auth-service/internal/handler/gen.RoleAPI.RolesPost-fm (5 handlers)&#xA;[GIN-debug] POST   /auth/login               --&gt; my-auth-service/internal/handler/gen.AuthAPI.AuthLoginPost-fm (5 handlers)&#xA;[GIN-debug] POST   /auth/logout              --&gt; my-auth-service/internal/handler/gen.AuthAPI.AuthLogoutPost-fm (5 handlers)&#xA;[GIN-debug] GET    /users/me/roles           --&gt; my-auth-service/internal/handler/gen.AuthAPI.UsersMeRolesGet-fm (5 handlers)&#xA;[GIN-debug] GET    /users/me/roles/:id       --&gt; my-auth-service/internal/handler/gen.AuthAPI.UsersMeRolesIdGet-fm (5 handlers)&#xA;[GIN-debug] POST   /users/:userID/roles/:roleID --&gt; my-auth-service/internal/handler/gen.AuthAPI.UsersUserIDRolesRoleIDPost-fm (5 handlers)&#xA;[Fx] RUNNING&#xA;</system-out>
              <system-err>&gt; Enter [BeforeSuite] TOP-LEVEL - /Users/kover/Developer/Individual/my-auth-service/internal/handler/handler_suite_test.go:29 @ 09/08/23 18:42:15.417&#xA;&lt; Exit [BeforeSuite] TOP-LEVEL - /Users/kover/Developer/Individual/my-auth-service/internal/handler/handler_suite_test.go:29 @ 09/08/23 18:42:15.417 (1ms)&#xA;</system-err>
          </testcase>
          <testcase name="[It] Test handler [User] When repeatedly create user, the second call should fail should response with status code 409" classname="Handler Suite" status="passed" time="0.00155075">
              <system-out>09-08T18:42:15.421&#x9;�[35mDEBUG�[0m&#x9;gin api call incoming&#x9;{&#34;timestamp&#34;: &#34;09-08T18:42:15.421&#34;, &#34;method&#34;: &#34;POST&#34;, &#34;path&#34;: &#34;/users/&#34;, &#34;query&#34;: &#34;&#34;, &#34;ip&#34;: &#34;&#34;, &#34;user-agent&#34;: &#34;&#34;}&#xA;09-08T18:42:15.421&#x9;�[35mDEBUG�[0m&#x9;gin api call finished&#x9;{&#34;timestamp&#34;: &#34;09-08T18:42:15.421&#34;, &#34;method&#34;: &#34;POST&#34;, &#34;path&#34;: &#34;/users/&#34;, &#34;query&#34;: &#34;&#34;, &#34;latency&#34;: &#34;100.542µs&#34;, &#34;function&#34;: &#34;UsersPost-fm&#34;, &#34;status-code&#34;: 200, &#34;body&#34;: &#34;&#34;, &#34;bodySize&#34;: 12}&#xA;09-08T18:42:15.421&#x9;�[35mDEBUG�[0m&#x9;gin api call incoming&#x9;{&#34;timestamp&#34;: &#34;09-08T18:42:15.421&#34;, &#34;method&#34;: &#34;POST&#34;, &#34;path&#34;: &#34;/users/&#34;, &#34;query&#34;: &#34;&#34;, &#34;ip&#34;: &#34;&#34;, &#34;user-agent&#34;: &#34;&#34;}&#xA;09-08T18:42:15.421&#x9;�[35mDEBUG�[0m&#x9;gin api call finished&#x9;{&#34;timestamp&#34;: &#34;09-08T18:42:15.421&#34;, &#34;method&#34;: &#34;POST&#34;, &#34;path&#34;: &#34;/users/&#34;, &#34;query&#34;: &#34;&#34;, &#34;latency&#34;: &#34;100.334µs&#34;, &#34;function&#34;: &#34;UsersPost-fm&#34;, &#34;status-code&#34;: 409, &#34;body&#34;: &#34;&#34;, &#34;bodySize&#34;: 51}&#xA;</system-out>
              <system-err>&gt; Enter [BeforeEach] Test handler [User] - /Users/kover/Developer/Individual/my-auth-service/internal/handler/user_test.go:12 @ 09/08/23 18:42:15.421&#xA;&lt; Exit [BeforeEach] Test handler [User] - /Users/kover/Developer/Individual/my-auth-service/internal/handler/user_test.go:12 @ 09/08/23 18:42:15.421 (0s)&#xA;&gt; Enter [BeforeEach] When repeatedly create user, the second call should fail - /Users/kover/Developer/Individual/my-auth-service/internal/handler/user_test.go:33 @ 09/08/23 18:42:15.421&#xA;&lt; Exit [BeforeEach] When repeatedly create user, the second call should fail - /Users/kover/Developer/Individual/my-auth-service/internal/handler/user_test.go:33 @ 09/08/23 18:42:15.421 (0s)&#xA;&gt; Enter [It] should response with status code 409 - /Users/kover/Developer/Individual/my-auth-service/internal/handler/user_test.go:37 @ 09/08/23 18:42:15.422&#xA;&lt; Exit [It] should response with status code 409 - /Users/kover/Developer/Individual/my-auth-service/internal/handler/user_test.go:37 @ 09/08/23 18:42:15.422 (0s)&#xA;</system-err>
          </testcase>
          <testcase name="[It] Test handler [Role] When create role success should response with status code 200" classname="Handler Suite" status="passed" time="0.001687584">
              <system-out>09-08T18:42:15.424&#x9;�[35mDEBUG�[0m&#x9;gin api call incoming&#x9;{&#34;timestamp&#34;: &#34;09-08T18:42:15.424&#34;, &#34;method&#34;: &#34;POST&#34;, &#34;path&#34;: &#34;/roles/&#34;, &#34;query&#34;: &#34;&#34;, &#34;ip&#34;: &#34;&#34;, &#34;user-agent&#34;: &#34;&#34;}&#xA;09-08T18:42:15.424&#x9;�[35mDEBUG�[0m&#x9;gin api call finished&#x9;{&#34;timestamp&#34;: &#34;09-08T18:42:15.424&#34;, &#34;method&#34;: &#34;POST&#34;, &#34;path&#34;: &#34;/roles/&#34;, &#34;query&#34;: &#34;&#34;, &#34;latency&#34;: &#34;52.541µs&#34;, &#34;function&#34;: &#34;RolesPost-fm&#34;, &#34;status-code&#34;: 200, &#34;body&#34;: &#34;&#34;, &#34;bodySize&#34;: 23}&#xA;09-08T18:42:15.425&#x9;�[35mDEBUG�[0m&#x9;gin api call incoming&#x9;{&#34;timestamp&#34;: &#34;09-08T18:42:15.425&#34;, &#34;method&#34;: &#34;POST&#34;, &#34;path&#34;: &#34;/roles/&#34;, &#34;query&#34;: &#34;&#34;, &#34;ip&#34;: &#34;&#34;, &#34;user-agent&#34;: &#34;&#34;}&#xA;09-08T18:42:15.425&#x9;�[35mDEBUG�[0m&#x9;gin api call finished&#x9;{&#34;timestamp&#34;: &#34;09-08T18:42:15.425&#34;, &#34;method&#34;: &#34;POST&#34;, &#34;path&#34;: &#34;/roles/&#34;, &#34;query&#34;: &#34;&#34;, &#34;latency&#34;: &#34;23.333µs&#34;, &#34;function&#34;: &#34;RolesPost-fm&#34;, &#34;status-code&#34;: 200, &#34;body&#34;: &#34;&#34;, &#34;bodySize&#34;: 22}&#xA;09-08T18:42:15.425&#x9;�[35mDEBUG�[0m&#x9;gin api call incoming&#x9;{&#34;timestamp&#34;: &#34;09-08T18:42:15.425&#34;, &#34;method&#34;: &#34;DELETE&#34;, &#34;path&#34;: &#34;/roles/platform-user&#34;, &#34;query&#34;: &#34;&#34;, &#34;ip&#34;: &#34;&#34;, &#34;user-agent&#34;: &#34;&#34;}&#xA;09-08T18:42:15.425&#x9;�[35mDEBUG�[0m&#x9;gin api call finished&#x9;{&#34;timestamp&#34;: &#34;09-08T18:42:15.425&#34;, &#34;method&#34;: &#34;DELETE&#34;, &#34;path&#34;: &#34;/roles/platform-user&#34;, &#34;query&#34;: &#34;&#34;, &#34;latency&#34;: &#34;17.416µs&#34;, &#34;function&#34;: &#34;RolesIdDelete-fm&#34;, &#34;status-code&#34;: 204, &#34;body&#34;: &#34;&#34;, &#34;bodySize&#34;: 0}&#xA;</system-out>
              <system-err>&gt; Enter [BeforeEach] Test handler [Role] - /Users/kover/Developer/Individual/my-auth-service/internal/handler/role_test.go:12 @ 09/08/23 18:42:15.424&#xA;&lt; Exit [BeforeEach] Test handler [Role] - /Users/kover/Developer/Individual/my-auth-service/internal/handler/role_test.go:12 @ 09/08/23 18:42:15.424 (0s)&#xA;&gt; Enter [BeforeEach] When create role success - /Users/kover/Developer/Individual/my-auth-service/internal/handler/role_test.go:18 @ 09/08/23 18:42:15.425&#xA;&lt; Exit [BeforeEach] When create role success - /Users/kover/Developer/Individual/my-auth-service/internal/handler/role_test.go:18 @ 09/08/23 18:42:15.425 (0s)&#xA;&gt; Enter [It] should response with status code 200 - /Users/kover/Developer/Individual/my-auth-service/internal/handler/role_test.go:22 @ 09/08/23 18:42:15.425&#xA;&lt; Exit [It] should response with status code 200 - /Users/kover/Developer/Individual/my-auth-service/internal/handler/role_test.go:22 @ 09/08/23 18:42:15.425 (0s)&#xA;&gt; Enter [AfterEach] When create role success - /Users/kover/Developer/Individual/my-auth-service/internal/handler/role_test.go:30 @ 09/08/23 18:42:15.425&#xA;&lt; Exit [AfterEach] When create role success - /Users/kover/Developer/Individual/my-auth-service/internal/handler/role_test.go:30 @ 09/08/23 18:42:15.425 (0s)&#xA;</system-err>
          </testcase>
          <testcase name="[It] Test handler [Auth] When grant user role success should response with status code 204" classname="Handler Suite" status="passed" time="0.001297958">
              <system-out>09-08T18:42:15.427&#x9;�[35mDEBUG�[0m&#x9;gin api call incoming&#x9;{&#34;timestamp&#34;: &#34;09-08T18:42:15.427&#34;, &#34;method&#34;: &#34;POST&#34;, &#34;path&#34;: &#34;/users/&#34;, &#34;query&#34;: &#34;&#34;, &#34;ip&#34;: &#34;&#34;, &#34;user-agent&#34;: &#34;&#34;}&#xA;09-08T18:42:15.427&#x9;�[35mDEBUG�[0m&#x9;gin api call finished&#x9;{&#34;timestamp&#34;: &#34;09-08T18:42:15.427&#34;, &#34;method&#34;: &#34;POST&#34;, &#34;path&#34;: &#34;/users/&#34;, &#34;query&#34;: &#34;&#34;, &#34;latency&#34;: &#34;36.5µs&#34;, &#34;function&#34;: &#34;UsersPost-fm&#34;, &#34;status-code&#34;: 200, &#34;body&#34;: &#34;&#34;, &#34;bodySize&#34;: 13}&#xA;09-08T18:42:15.427&#x9;�[35mDEBUG�[0m&#x9;gin api call incoming&#x9;{&#34;timestamp&#34;: &#34;09-08T18:42:15.427&#34;, &#34;method&#34;: &#34;POST&#34;, &#34;path&#34;: &#34;/roles/&#34;, &#34;query&#34;: &#34;&#34;, &#34;ip&#34;: &#34;&#34;, &#34;user-agent&#34;: &#34;&#34;}&#xA;09-08T18:42:15.427&#x9;�[35mDEBUG�[0m&#x9;gin api call finished&#x9;{&#34;timestamp&#34;: &#34;09-08T18:42:15.427&#34;, &#34;method&#34;: &#34;POST&#34;, &#34;path&#34;: &#34;/roles/&#34;, &#34;query&#34;: &#34;&#34;, &#34;latency&#34;: &#34;10.458µs&#34;, &#34;function&#34;: &#34;RolesPost-fm&#34;, &#34;status-code&#34;: 200, &#34;body&#34;: &#34;&#34;, &#34;bodySize&#34;: 22}&#xA;09-08T18:42:15.428&#x9;�[35mDEBUG�[0m&#x9;gin api call incoming&#x9;{&#34;timestamp&#34;: &#34;09-08T18:42:15.428&#34;, &#34;method&#34;: &#34;POST&#34;, &#34;path&#34;: &#34;/users/John/roles/platform-user&#34;, &#34;query&#34;: &#34;&#34;, &#34;ip&#34;: &#34;&#34;, &#34;user-agent&#34;: &#34;&#34;}&#xA;09-08T18:42:15.428&#x9;�[35mDEBUG�[0m&#x9;gin api call finished&#x9;{&#34;timestamp&#34;: &#34;09-08T18:42:15.428&#34;, &#34;method&#34;: &#34;POST&#34;, &#34;path&#34;: &#34;/users/John/roles/platform-user&#34;, &#34;query&#34;: &#34;&#34;, &#34;latency&#34;: &#34;18.209µs&#34;, &#34;function&#34;: &#34;UsersUserIDRolesRoleIDPost-fm&#34;, &#34;status-code&#34;: 204, &#34;body&#34;: &#34;&#34;, &#34;bodySize&#34;: 0}&#xA;</system-out>
              <system-err>&gt; Enter [BeforeEach] Test handler [Auth] - /Users/kover/Developer/Individual/my-auth-service/internal/handler/auth_test.go:14 @ 09/08/23 18:42:15.427&#xA;&lt; Exit [BeforeEach] Test handler [Auth] - /Users/kover/Developer/Individual/my-auth-service/internal/handler/auth_test.go:14 @ 09/08/23 18:42:15.427 (0s)&#xA;&gt; Enter [BeforeEach] When grant user role success - /Users/kover/Developer/Individual/my-auth-service/internal/handler/auth_test.go:21 @ 09/08/23 18:42:15.428&#xA;&lt; Exit [BeforeEach] When grant user role success - /Users/kover/Developer/Individual/my-auth-service/internal/handler/auth_test.go:21 @ 09/08/23 18:42:15.428 (0s)&#xA;&gt; Enter [It] should response with status code 204 - /Users/kover/Developer/Individual/my-auth-service/internal/handler/auth_test.go:25 @ 09/08/23 18:42:15.428&#xA;&lt; Exit [It] should response with status code 204 - /Users/kover/Developer/Individual/my-auth-service/internal/handler/auth_test.go:25 @ 09/08/23 18:42:15.428 (0s)&#xA;</system-err>
          </testcase>
          <testcase name="[It] Test handler [Auth] When user sign in success should response with status code 200" classname="Handler Suite" status="passed" time="0.001089166">
              <system-out>09-08T18:42:15.429&#x9;�[35mDEBUG�[0m&#x9;gin api call incoming&#x9;{&#34;timestamp&#34;: &#34;09-08T18:42:15.429&#34;, &#34;method&#34;: &#34;POST&#34;, &#34;path&#34;: &#34;/users/&#34;, &#34;query&#34;: &#34;&#34;, &#34;ip&#34;: &#34;&#34;, &#34;user-agent&#34;: &#34;&#34;}&#xA;09-08T18:42:15.429&#x9;�[35mDEBUG�[0m&#x9;gin api call finished&#x9;{&#34;timestamp&#34;: &#34;09-08T18:42:15.429&#34;, &#34;method&#34;: &#34;POST&#34;, &#34;path&#34;: &#34;/users/&#34;, &#34;query&#34;: &#34;&#34;, &#34;latency&#34;: &#34;30.208µs&#34;, &#34;function&#34;: &#34;UsersPost-fm&#34;, &#34;status-code&#34;: 409, &#34;body&#34;: &#34;&#34;, &#34;bodySize&#34;: 51}&#xA;09-08T18:42:15.429&#x9;�[35mDEBUG�[0m&#x9;gin api call incoming&#x9;{&#34;timestamp&#34;: &#34;09-08T18:42:15.429&#34;, &#34;method&#34;: &#34;POST&#34;, &#34;path&#34;: &#34;/roles/&#34;, &#34;query&#34;: &#34;&#34;, &#34;ip&#34;: &#34;&#34;, &#34;user-agent&#34;: &#34;&#34;}&#xA;09-08T18:42:15.429&#x9;�[35mDEBUG�[0m&#x9;gin api call finished&#x9;{&#34;timestamp&#34;: &#34;09-08T18:42:15.429&#34;, &#34;method&#34;: &#34;POST&#34;, &#34;path&#34;: &#34;/roles/&#34;, &#34;query&#34;: &#34;&#34;, &#34;latency&#34;: &#34;9µs&#34;, &#34;function&#34;: &#34;RolesPost-fm&#34;, &#34;status-code&#34;: 409, &#34;body&#34;: &#34;&#34;, &#34;bodySize&#34;: 51}&#xA;09-08T18:42:15.43&#x9;�[35mDEBUG�[0m&#x9;gin api call incoming&#x9;{&#34;timestamp&#34;: &#34;09-08T18:42:15.43&#34;, &#34;method&#34;: &#34;POST&#34;, &#34;path&#34;: &#34;/auth/login&#34;, &#34;query&#34;: &#34;&#34;, &#34;ip&#34;: &#34;&#34;, &#34;user-agent&#34;: &#34;&#34;}&#xA;09-08T18:42:15.43&#x9;�[35mDEBUG�[0m&#x9;gin api call finished&#x9;{&#34;timestamp&#34;: &#34;09-08T18:42:15.43&#34;, &#34;method&#34;: &#34;POST&#34;, &#34;path&#34;: &#34;/auth/login&#34;, &#34;query&#34;: &#34;&#34;, &#34;latency&#34;: &#34;67.958µs&#34;, &#34;function&#34;: &#34;AuthLoginPost-fm&#34;, &#34;status-code&#34;: 200, &#34;body&#34;: &#34;&#34;, &#34;bodySize&#34;: 139}&#xA;</system-out>
              <system-err>&gt; Enter [BeforeEach] Test handler [Auth] - /Users/kover/Developer/Individual/my-auth-service/internal/handler/auth_test.go:14 @ 09/08/23 18:42:15.429&#xA;&lt; Exit [BeforeEach] Test handler [Auth] - /Users/kover/Developer/Individual/my-auth-service/internal/handler/auth_test.go:14 @ 09/08/23 18:42:15.429 (0s)&#xA;&gt; Enter [BeforeEach] When user sign in success - /Users/kover/Developer/Individual/my-auth-service/internal/handler/auth_test.go:87 @ 09/08/23 18:42:15.43&#xA;&lt; Exit [BeforeEach] When user sign in success - /Users/kover/Developer/Individual/my-auth-service/internal/handler/auth_test.go:87 @ 09/08/23 18:42:15.43 (0s)&#xA;&gt; Enter [It] should response with status code 200 - /Users/kover/Developer/Individual/my-auth-service/internal/handler/auth_test.go:91 @ 09/08/23 18:42:15.43&#xA;&lt; Exit [It] should response with status code 200 - /Users/kover/Developer/Individual/my-auth-service/internal/handler/auth_test.go:91 @ 09/08/23 18:42:15.43 (0s)&#xA;</system-err>
          </testcase>
          <testcase name="[BeforeSuite]" classname="Handler Suite" status="passed" time="0.0022575">
              <system-out>[Fx] PROVIDE&#x9;fx.Lifecycle &lt;= go.uber.org/fx.New.func1()&#xA;[Fx] PROVIDE&#x9;fx.Shutdowner &lt;= go.uber.org/fx.(*App).shutdowner-fm()&#xA;[Fx] PROVIDE&#x9;fx.DotGraph &lt;= go.uber.org/fx.(*App).dotGraph-fm()&#xA;09-08T18:42:15.418&#x9;�[34mINFO�[0m&#x9;provided&#x9;{&#34;constructor&#34;: &#34;my-auth-service/internal/server.NewLogger()&#34;, &#34;module&#34;: &#34;handler suite test&#34;, &#34;type&#34;: &#34;logger.Logger&#34;}&#xA;09-08T18:42:15.418&#x9;�[34mINFO�[0m&#x9;provided&#x9;{&#34;constructor&#34;: &#34;my-auth-service/internal/repository.New()&#34;, &#34;module&#34;: &#34;handler suite test&#34;, &#34;type&#34;: &#34;dependency.Repository&#34;}&#xA;09-08T18:42:15.418&#x9;�[34mINFO�[0m&#x9;provided&#x9;{&#34;constructor&#34;: &#34;my-auth-service/internal/handler.New()&#34;, &#34;module&#34;: &#34;handler suite test&#34;, &#34;type&#34;: &#34;*handler.Handler&#34;}&#xA;09-08T18:42:15.418&#x9;�[34mINFO�[0m&#x9;provided&#x9;{&#34;constructor&#34;: &#34;my-auth-service/internal/server.New()&#34;, &#34;module&#34;: &#34;handler suite test&#34;, &#34;type&#34;: &#34;*server.Server&#34;}&#xA;09-08T18:42:15.418&#x9;�[34mINFO�[0m&#x9;initialized custom fxevent.Logger&#x9;{&#34;function&#34;: &#34;github.com/kovercjm/tool-go/dependency_injection/fx.FxLogger()&#34;}&#xA;09-08T18:42:15.418&#x9;�[34mINFO�[0m&#x9;invoking&#x9;{&#34;function&#34;: &#34;my-auth-service/internal/handler_test.glob..func2.1()&#34;, &#34;module&#34;: &#34;handler suite test&#34;}&#xA;[GIN-debug] [WARNING] Running in &#34;debug&#34; mode. Switch to &#34;release&#34; mode in production.&#xA; - using env:&#x9;export GIN_MODE=release&#xA; - using code:&#x9;gin.SetMode(gin.ReleaseMode)&#xA;&#xA;[GIN-debug] DELETE /users/:id                --&gt; my-auth-service/internal/handler/gen.UserAPI.UsersIdDelete-fm (5 handlers)&#xA;[GIN-debug] POST   /users/                   --&gt; my-auth-service/internal/handler/gen.UserAPI.UsersPost-fm (5 handlers)&#xA;[GIN-debug] DELETE /roles/:id                --&gt; my-auth-service/internal/handler/gen.RoleAPI.RolesIdDelete-fm (5 handlers)&#xA;[GIN-debug] POST   /roles/                   --&gt; my-auth-service/internal/handler/gen.RoleAPI.RolesPost-fm (5 handlers)&#xA;[GIN-debug] POST   /auth/login               --&gt; my-auth-service/internal/handler/gen.AuthAPI.AuthLoginPost-fm (5 handlers)&#xA;[GIN-debug] POST   /auth/logout              --&gt; my-auth-service/internal/handler/gen.AuthAPI.AuthLogoutPost-fm (5 handlers)&#xA;[GIN-debug] GET    /users/me/roles           --&gt; my-auth-service/internal/handler/gen.AuthAPI.UsersMeRolesGet-fm (5 handlers)&#xA;[GIN-debug] GET    /users/me/roles/:id       --&gt; my-auth-service/internal/handler/gen.AuthAPI.UsersMeRolesIdGet-fm (5 handlers)&#xA;[GIN-debug] POST   /users/:userID/roles/:roleID --&gt; my-auth-service/internal/handler/gen.AuthAPI.UsersUserIDRolesRoleIDPost-fm (5 handlers)&#xA;[Fx] RUNNING&#xA;</system-out>
              <system-err>&gt; Enter [BeforeSuite] TOP-LEVEL - /Users/kover/Developer/Individual/my-auth-service/internal/handler/handler_suite_test.go:29 @ 09/08/23 18:42:15.418&#xA;&lt; Exit [BeforeSuite] TOP-LEVEL - /Users/kover/Developer/Individual/my-auth-service/internal/handler/handler_suite_test.go:29 @ 09/08/23 18:42:15.419 (1ms)&#xA;</system-err>
          </testcase>
          <testcase name="[It] Test handler [User] When delete user success should have no response body" classname="Handler Suite" status="passed" time="0.001167084">
[...]
15.429&#34;, &#34;method&#34;: &#34;POST&#34;, &#34;path&#34;: &#34;/roles/&#34;, &#34;query&#34;: &#34;&#34;, &#34;latency&#34;: &#34;9.667µs&#34;, &#34;function&#34;: &#34;RolesPost-fm&#34;, &#34;status-code&#34;: 409, &#34;body&#34;: &#34;&#34;, &#34;bodySize&#34;: 51}&#xA;09-08T18:42:15.429&#x9;�[35mDEBUG�[0m&#x9;gin api call incoming&#x9;{&#34;timestamp&#34;: &#34;09-08T18:42:15.429&#34;, &#34;method&#34;: &#34;POST&#34;, &#34;path&#34;: &#34;/auth/login&#34;, &#34;query&#34;: &#34;&#34;, &#34;ip&#34;: &#34;&#34;, &#34;user-agent&#34;: &#34;&#34;}&#xA;09-08T18:42:15.429&#x9;�[35mDEBUG�[0m&#x9;gin api call finished&#x9;{&#34;timestamp&#34;: &#34;09-08T18:42:15.429&#34;, &#34;method&#34;: &#34;POST&#34;, &#34;path&#34;: &#34;/auth/login&#34;, &#34;query&#34;: &#34;&#34;, &#34;latency&#34;: &#34;72.209µs&#34;, &#34;function&#34;: &#34;AuthLoginPost-fm&#34;, &#34;status-code&#34;: 200, &#34;body&#34;: &#34;&#34;, &#34;bodySize&#34;: 139}&#xA;{&#34;token&#34;:&#34;eyJhbGciOiJIUzI1NiIsInR5cCI6IkpXVCJ9.eyJleHAiOjE2OTQxNzY5MzUsIlVzZXJJRCI6IkpvaG4ifQ.o-IqxlUi2R1_ObQblmJh8o3WIrnrXgaPFX3jbs1lU38&#34;}&#xA;eyJhbGciOiJIUzI1NiIsInR5cCI6IkpXVCJ9.eyJleHAiOjE2OTQxNzY5MzUsIlVzZXJJRCI6IkpvaG4ifQ.o-IqxlUi2R1_ObQblmJh8o3WIrnrXgaPFX3jbs1lU38 {eyJhbGciOiJIUzI1NiIsInR5cCI6IkpXVCJ9.eyJleHAiOjE2OTQxNzY5MzUsIlVzZXJJRCI6IkpvaG4ifQ.o-IqxlUi2R1_ObQblmJh8o3WIrnrXgaPFX3jbs1lU38}&#xA;09-08T18:42:15.429&#x9;�[35mDEBUG�[0m&#x9;gin api call incoming&#x9;{&#34;timestamp&#34;: &#34;09-08T18:42:15.429&#34;, &#34;method&#34;: &#34;POST&#34;, &#34;path&#34;: &#34;/users/John/roles/platform-user&#34;, &#34;query&#34;: &#34;&#34;, &#34;ip&#34;: &#34;&#34;, &#34;user-agent&#34;: &#34;&#34;}&#xA;09-08T18:42:15.429&#x9;�[35mDEBUG�[0m&#x9;gin api call finished&#x9;{&#34;timestamp&#34;: &#34;09-08T18:42:15.429&#34;, &#34;method&#34;: &#34;POST&#34;, &#34;path&#34;: &#34;/users/John/roles/platform-user&#34;, &#34;query&#34;: &#34;&#34;, &#34;latency&#34;: &#34;4.792µs&#34;, &#34;function&#34;: &#34;UsersUserIDRolesRoleIDPost-fm&#34;, &#34;status-code&#34;: 204, &#34;body&#34;: &#34;&#34;, &#34;bodySize&#34;: 0}&#xA;09-08T18:42:15.429&#x9;�[35mDEBUG�[0m&#x9;gin api call incoming&#x9;{&#34;timestamp&#34;: &#34;09-08T18:42:15.429&#34;, &#34;method&#34;: &#34;GET&#34;, &#34;path&#34;: &#34;/users/me/roles&#34;, &#34;query&#34;: &#34;&#34;, &#34;ip&#34;: &#34;&#34;, &#34;user-agent&#34;: &#34;&#34;}&#xA;&amp;{0x14000abc150 [0x14000522ba0]}&#xA;09-08T18:42:15.43&#x9;�[35mDEBUG�[0m&#x9;gin api call finished&#x9;{&#34;timestamp&#34;: &#34;09-08T18:42:15.429&#34;, &#34;method&#34;: &#34;GET&#34;, &#34;path&#34;: &#34;/users/me/roles&#34;, &#34;query&#34;: &#34;&#34;, &#34;latency&#34;: &#34;87.5µs&#34;, &#34;function&#34;: &#34;UsersMeRolesGet-fm&#34;, &#34;status-code&#34;: 200, &#34;body&#34;: &#34;&#34;, &#34;bodySize&#34;: 57}&#xA;</system-out>
              <system-err>&gt; Enter [BeforeEach] Test handler [Auth] - /Users/kover/Developer/Individual/my-auth-service/internal/handler/auth_test.go:14 @ 09/08/23 18:42:15.429&#xA;&lt; Exit [BeforeEach] Test handler [Auth] - /Users/kover/Developer/Individual/my-auth-service/internal/handler/auth_test.go:14 @ 09/08/23 18:42:15.429 (0s)&#xA;&gt; Enter [BeforeEach] When list user roles success - /Users/kover/Developer/Individual/my-auth-service/internal/handler/auth_test.go:57 @ 09/08/23 18:42:15.429&#xA;&lt; Exit [BeforeEach] When list user roles success - /Users/kover/Developer/Individual/my-auth-service/internal/handler/auth_test.go:57 @ 09/08/23 18:42:15.43 (0s)&#xA;&gt; Enter [It] response with message in body - /Users/kover/Developer/Individual/my-auth-service/internal/handler/auth_test.go:75 @ 09/08/23 18:42:15.43&#xA;&lt; Exit [It] response with message in body - /Users/kover/Developer/Individual/my-auth-service/internal/handler/auth_test.go:75 @ 09/08/23 18:42:15.43 (0s)&#xA;</system-err>
          </testcase>
      </testsuite>
      <testsuite name="Repository Suite" package="/Users/kover/Developer/Individual/my-auth-service/internal/repository" tests="28" disabled="0" skipped="0" errors="0" failures="0" time="0.007432" timestamp="2023-09-08T18:42:16">
          <properties>
              <property name="SuiteSucceeded" value="true"></property>
              <property name="SuiteHasProgrammaticFocus" value="false"></property>
              <property name="SpecialSuiteFailureReason" value=""></property>
              <property name="SuiteLabels" value="[]"></property>
              <property name="RandomSeed" value="1694169733"></property>
              <property name="RandomizeAllSpecs" value="false"></property>
              <property name="LabelFilter" value=""></property>
              <property name="FocusStrings" value=""></property>
              <property name="SkipStrings" value=""></property>
              <property name="FocusFiles" value=""></property>
              <property name="SkipFiles" value=""></property>
              <property name="FailOnPending" value="false"></property>
              <property name="FailFast" value="false"></property>
              <property name="FlakeAttempts" value="0"></property>
              <property name="DryRun" value="false"></property>
              <property name="ParallelTotal" value="7"></property>
              <property name="OutputInterceptorMode" value=""></property>
          </properties>
          <testcase name="[BeforeSuite]" classname="Repository Suite" status="passed" time="0.000399375">
              <system-err>&gt; Enter [BeforeSuite] TOP-LEVEL - /Users/kover/Developer/Individual/my-auth-service/internal/repository/repository_suite_test.go:20 @ 09/08/23 18:42:16.43&#xA;&lt; Exit [BeforeSuite] TOP-LEVEL - /Users/kover/Developer/Individual/my-auth-service/internal/repository/repository_suite_test.go:20 @ 09/08/23 18:42:16.43 (0s)&#xA;</system-err>
          </testcase>
          <testcase name="[It] Repository user test When create user Duplicated create should failed" classname="Repository Suite" status="passed" time="0.000160416">
              <system-err>&gt; Enter [It] Duplicated create should failed - /Users/kover/Developer/Individual/my-auth-service/internal/repository/user_test.go:22 @ 09/08/23 18:42:16.431&#xA;&lt; Exit [It] Duplicated create should failed - /Users/kover/Developer/Individual/my-auth-service/internal/repository/user_test.go:22 @ 09/08/23 18:42:16.431 (0s)&#xA;</system-err>
          </testcase>
          <testcase name="[It] Repository role test When create role Duplicated create should failed" classname="Repository Suite" status="passed" time="0.000240458">
              <system-err>&gt; Enter [It] Duplicated create should failed - /Users/kover/Developer/Individual/my-auth-service/internal/repository/role_test.go:20 @ 09/08/23 18:42:16.433&#xA;&lt; Exit [It] Duplicated create should failed - /Users/kover/Developer/Individual/my-auth-service/internal/repository/role_test.go:20 @ 09/08/23 18:42:16.433 (0s)&#xA;</system-err>
          </testcase>
          <testcase name="[It] Repository auth test When get user roles Should success with no role" classname="Repository Suite" status="passed" time="0.00016325">
              <system-err>&gt; Enter [It] Should success with no role - /Users/kover/Developer/Individual/my-auth-service/internal/repository/auth_test.go:68 @ 09/08/23 18:42:16.434&#xA;&lt; Exit [It] Should success with no role - /Users/kover/Developer/Individual/my-auth-service/internal/repository/auth_test.go:68 @ 09/08/23 18:42:16.434 (0s)&#xA;</system-err>
          </testcase>
          <testcase name="[It] Repository auth test When delete token Should success" classname="Repository Suite" status="passed" time="0.000203333">
              <system-err>&gt; Enter [It] Should success - /Users/kover/Developer/Individual/my-auth-service/internal/repository/auth_test.go:135 @ 09/08/23 18:42:16.435&#xA;&lt; Exit [It] Should success - /Users/kover/Developer/Individual/my-auth-service/internal/repository/auth_test.go:135 @ 09/08/23 18:42:16.435 (0s)&#xA;</system-err>
          </testcase>
          <testcase name="[BeforeSuite]" classname="Repository Suite" status="passed" time="0.000260458">
              <system-err>&gt; Enter [BeforeSuite] TOP-LEVEL - /Users/kover/Developer/Individual/my-auth-service/internal/repository/repository_suite_test.go:20 @ 09/08/23 18:42:16.431&#xA;&lt; Exit [BeforeSuite] TOP-LEVEL - /Users/kover/Developer/Individual/my-auth-service/internal/repository/repository_suite_test.go:20 @ 09/08/23 18:42:16.431 (0s)&#xA;</system-err>
          </testcase>
          <testcase name="[It] Repository role test When create role First time create should success" classname="Repository Suite" status="passed" time="0.000409917">
              <system-err>&gt; Enter [It] First time create should success - /Users/kover/Developer/Individual/my-auth-service/internal/repository/role_test.go:14 @ 09/08/23 18:42:16.433&#xA;&lt; Exit [It] First time create should success - /Users/kover/Developer/Individual/my-auth-service/internal/repository/role_test.go:14 @ 09/08/23 18:42:16.433 (0s)&#xA;</system-err>
          </testcase>
          <testcase name="[It] Repository auth test When get user roles Should failed" classname="Repository Suite" status="passed" time="0.000257958">
              <system-err>&gt; Enter [It] Should failed - /Users/kover/Developer/Individual/my-auth-service/internal/repository/auth_test.go:107 @ 09/08/23 18:42:16.434&#xA;&lt; Exit [It] Should failed - /Users/kover/Developer/Individual/my-auth-service/internal/repository/auth_test.go:107 @ 09/08/23 18:42:16.434 (0s)&#xA;</system-err>
          </testcase>
          <testcase name="[BeforeSuite]" classname="Repository Suite" status="passed" time="0.000410875">
              <system-err>&gt; Enter [BeforeSuite] TOP-LEVEL - /Users/kover/Developer/Individual/my-auth-service/internal/repository/repository_suite_test.go:20 @ 09/08/23 18:42:16.43&#xA;&lt; Exit [BeforeSuite] TOP-LEVEL - /Users/kover/Developer/Individual/my-auth-service/internal/repository/repository_suite_test.go:20 @ 09/08/23 18:42:16.431 (0s)&#xA;</system-err>
          </testcase>
          <testcase name="[It] Repository user test When check user password Should success" classname="Repository Suite" status="passed" time="0.000203833">
              <system-err>&gt; Enter [It] Should success - /Users/kover/Developer/Individual/my-auth-service/internal/repository/user_test.go:38 @ 09/08/23 18:42:16.431&#xA;&lt; Exit [It] Should success - /Users/kover/Developer/Individual/my-auth-service/internal/repository/user_test.go:38 @ 09/08/23 18:42:16.431 (0s)&#xA;</system-err>
          </testcase>
          <testcase name="[It] Repository auth test When grant user role One time create should success" classname="Repository Suite" status="passed" time="0.000184792">
              <system-err>&gt; Enter [It] One time create should success - /Users/kover/Developer/Individual/my-auth-service/internal/repository/auth_test.go:13 @ 09/08/23 18:42:16.434&#xA;&lt; Exit [It] One time create should success - /Users/kover/Developer/Individual/my-auth-service/internal/repository/auth_test.go:13 @ 09/08/23 18:42:16.434 (0s)&#xA;</system-err>
          </testcase>
          <testcase name="[It] Repository auth test When create token Should success" classname="Repository Suite" status="passed" time="0.000246584">
              <system-err>&gt; Enter [It] Should success - /Users/kover/Developer/Individual/my-auth-service/internal/repository/auth_test.go:114 @ 09/08/23 18:42:16.435&#xA;&lt; Exit [It] Should success - /Users/kover/Developer/Individual/my-auth-service/internal/repository/auth_test.go:114 @ 09/08/23 18:42:16.435 (0s)&#xA;</system-err>
          </testcase>
          <testcase name="[BeforeSuite]" classname="Repository Suite" status="passed" time="0.000616625">
              <system-err>&gt; Enter [BeforeSuite] TOP-LEVEL - /Users/kover/Developer/Individual/my-auth-service/internal/repository/repository_suite_test.go:20 @ 09/08/23 18:42:16.43&#xA;&lt; Exit [BeforeSuite] TOP-LEVEL - /Users/kover/Developer/Individual/my-auth-service/internal/repository/repository_suite_test.go:20 @ 09/08/23 18:42:16.43 (0s)&#xA;</system-err>
          </testcase>
          <testcase name="[It] Repository user test When create user First time create should success" classname="Repository Suite" status="passed" time="0.000219292">
              <system-err>&gt; Enter [It] First time create should success - /Users/kover/Developer/Individual/my-auth-service/internal/repository/user_test.go:14 @ 09/08/23 18:42:16.431&#xA;&lt; Exit [It] First time create should success - /Users/kover/Developer/Individual/my-auth-service/internal/repository/user_test.go:14 @ 09/08/23 18:42:16.431 (0s)&#xA;</system-err>
          </testcase>
          <testcase name="[It] Repository user test When delete user Should success" classname="Repository Suite" status="passed" time="0.000193084">
              <system-err>&gt; Enter [It] Should success - /Users/kover/Developer/Individual/my-auth-service/internal/repository/user_test.go:63 @ 09/08/23 18:42:16.431&#xA;&lt; Exit [It] Should success - /Users/kover/Developer/Individual/my-auth-service/internal/repository/user_test.go:63 @ 09/08/23 18:42:16.431 (0s)&#xA;</system-err>
          </testcase>
          <testcase name="[It] Repository role test When delete role Should success" classname="Repository Suite" status="passed" time="0.000193292">
              <system-err>&gt; Enter [It] Should success - /Users/kover/Developer/Individual/my-auth-service/internal/repository/role_test.go:34 @ 09/08/23 18:42:16.434&#xA;&lt; Exit [It] Should success - /Users/kover/Developer/Individual/my-auth-service/internal/repository/role_test.go:34 @ 09/08/23 18:42:16.434 (0s)&#xA;</system-err>
          </testcase>
          <testcase name="[It] Repository auth test When create token Should failed" classname="Repository Suite" status="passed" time="0.000166542">
              <system-err>&gt; Enter [It] Should failed - /Users/kover/Developer/Individual/my-auth-service/internal/repository/auth_test.go:118 @ 09/08/23 18:42:16.435&#xA;&lt; Exit [It] Should failed - /Users/kover/Developer/Individual/my-auth-service/internal/repository/auth_test.go:118 @ 09/08/23 18:42:16.435 (0s)&#xA;</system-err>
          </testcase>
          <testcase name="[BeforeSuite]" classname="Repository Suite" status="passed" time="0.000266792">
              <system-err>&gt; Enter [BeforeSuite] TOP-LEVEL - /Users/kover/Developer/Individual/my-auth-service/internal/repository/repository_suite_test.go:20 @ 09/08/23 18:42:16.431&#xA;&lt; Exit [BeforeSuite] TOP-LEVEL - /Users/kover/Developer/Individual/my-auth-service/internal/repository/repository_suite_test.go:20 @ 09/08/23 18:42:16.431 (0s)&#xA;</system-err>
          </testcase>
          <testcase name="[It] Repository user test When delete user Should failed" classname="Repository Suite" status="passed" time="0.001530208">
              <system-err>&gt; Enter [It] Should failed - /Users/kover/Developer/Individual/my-auth-service/internal/repository/user_test.go:80 @ 09/08/23 18:42:16.433&#xA;&lt; Exit [It] Should failed - /Users/kover/Developer/Individual/my-auth-service/internal/repository/user_test.go:80 @ 09/08/23 18:42:16.433 (0s)&#xA;</system-err>
          </testcase>
          <testcase name="[It] Repository auth test When grant user role Should failed" classname="Repository Suite" status="passed" time="0.000268292">
              <system-err>&gt; Enter [It] Should failed - /Users/kover/Developer/Individual/my-auth-service/internal/repository/auth_test.go:62 @ 09/08/23 18:42:16.434&#xA;&lt; Exit [It] Should failed - /Users/kover/Developer/Individual/my-auth-service/internal/repository/auth_test.go:62 @ 09/08/23 18:42:16.434 (0s)&#xA;</system-err>
          </testcase>
          <testcase name="[It] Repository auth test When check token Should failed" classname="Repository Suite" status="passed" time="0.000357834">
              <system-err>&gt; Enter [It] Should failed - /Users/kover/Developer/Individual/my-auth-service/internal/repository/auth_test.go:129 @ 09/08/23 18:42:16.435&#xA;&lt; Exit [It] Should failed - /Users/kover/Developer/Individual/my-auth-service/internal/repository/auth_test.go:129 @ 09/08/23 18:42:16.435 (0s)&#xA;</system-err>
          </testcase>
          <testcase name="[BeforeSuite]" classname="Repository Suite" status="passed" time="0.000280459">
              <system-err>&gt; Enter [BeforeSuite] TOP-LEVEL - /Users/kover/Developer/Individual/my-auth-service/internal/repository/repository_suite_test.go:20 @ 09/08/23 18:42:16.431&#xA;&lt; Exit [BeforeSuite] TOP-LEVEL - /Users/kover/Developer/Individual/my-auth-service/internal/repository/repository_suite_test.go:20 @ 09/08/23 18:42:16.431 (0s)&#xA;</system-err>
          </testcase>
          <testcase name="[It] Repository user test When check user password Should failed" classname="Repository Suite" status="passed" time="0.000279792">
              <system-err>&gt; Enter [It] Should failed - /Users/kover/Developer/Individual/my-auth-service/internal/repository/user_test.go:49 @ 09/08/23 18:42:16.432&#xA;&lt; Exit [It] Should failed - /Users/kover/Developer/Individual/my-auth-service/internal/repository/user_test.go:49 @ 09/08/23 18:42:16.432 (0s)&#xA;</system-err>
          </testcase>
          <testcase name="[It] Repository auth test When grant user role Duplicated grant should success" classname="Repository Suite" status="passed" time="0.000212041">
              <system-err>&gt; Enter [It] Duplicated grant should success - /Users/kover/Developer/Individual/my-auth-service/internal/repository/auth_test.go:36 @ 09/08/23 18:42:16.434&#xA;&lt; Exit [It] Duplicated grant should success - /Users/kover/Developer/Individual/my-auth-service/internal/repository/auth_test.go:36 @ 09/08/23 18:42:16.434 (0s)&#xA;</system-err>
          </testcase>
          <testcase name="[It] Repository auth test When check token Should success" classname="Repository Suite" status="passed" time="0.000298125">
              <system-err>&gt; Enter [It] Should success - /Users/kover/Developer/Individual/my-auth-service/internal/repository/auth_test.go:124 @ 09/08/23 18:42:16.435&#xA;&lt; Exit [It] Should success - /Users/kover/Developer/Individual/my-auth-service/internal/repository/auth_test.go:124 @ 09/08/23 18:42:16.435 (0s)&#xA;</system-err>
          </testcase>
          <testcase name="[BeforeSuite]" classname="Repository Suite" status="passed" time="0.000338084">
              <system-err>&gt; Enter [BeforeSuite] TOP-LEVEL - /Users/kover/Developer/Individual/my-auth-service/internal/repository/repository_suite_test.go:20 @ 09/08/23 18:42:16.433&#xA;&lt; Exit [BeforeSuite] TOP-LEVEL - /Users/kover/Developer/Individual/my-auth-service/internal/repository/repository_suite_test.go:20 @ 09/08/23 18:42:16.433 (0s)&#xA;</system-err>
          </testcase>
          <testcase name="[It] Repository auth test When get user roles Should success with one role" classname="Repository Suite" status="passed" time="0.000187542">
              <system-err>&gt; Enter [It] Should success with one role - /Users/kover/Developer/Individual/my-auth-service/internal/repository/auth_test.go:79 @ 09/08/23 18:42:16.434&#xA;&lt; Exit [It] Should success with one role - /Users/kover/Developer/Individual/my-auth-service/internal/repository/auth_test.go:79 @ 09/08/23 18:42:16.434 (0s)&#xA;</system-err>
          </testcase>
          <testcase name="[It] Repository auth test When delete token Should failed" classname="Repository Suite" status="passed" time="0.000160625">
              <system-err>&gt; Enter [It] Should failed - /Users/kover/Developer/Individual/my-auth-service/internal/repository/auth_test.go:140 @ 09/08/23 18:42:16.435&#xA;&lt; Exit [It] Should failed - /Users/kover/Developer/Individual/my-auth-service/internal/repository/auth_test.go:140 @ 09/08/23 18:42:16.435 (0s)&#xA;</system-err>
          </testcase>
      </testsuite>
  </testsuites>